OpenROAD v2.0-17941-g7fb347f37 
Features included (+) or not (-): +GPU +GUI +Python
This program is licensed under the BSD-3 license. See the LICENSE file for details.
Components of this program may be licensed under more restrictive licenses which must be honored.
[INFO ORD-0030] Using 12 thread(s).
[INFO GPL-0002] DBU: 1000
[INFO GPL-0003] SiteSize: (  0.460  2.720 ) um
[INFO GPL-0004] CoreBBox: (  1.380  2.720 ) ( 711.620 709.920 ) um
[INFO GPL-0006] NumInstances:             21900
[INFO GPL-0007] NumPlaceInstances:        15219
[INFO GPL-0008] NumFixedInstances:         6681
[INFO GPL-0009] NumDummyInstances:            0
[INFO GPL-0010] NumNets:                  16495
[INFO GPL-0011] NumPins:                  65620
[INFO GPL-0012] DieBBox:  (  0.000  0.000 ) ( 712.915 712.915 ) um
[INFO GPL-0013] CoreBBox: (  1.380  2.720 ) ( 711.620 709.920 ) um
[INFO GPL-0016] CoreArea:            502281.728 um^2
[INFO GPL-0017] NonPlaceInstsArea:     8359.267 um^2
[INFO GPL-0018] PlaceInstsArea:      209158.099 um^2
[INFO GPL-0019] Util:                    42.346 %
[INFO GPL-0020] StdInstsArea:        209158.099 um^2
[INFO GPL-0021] MacroInstsArea:           0.000 um^2
[INFO GPL-0031] FillerInit:NumGCells:     36485
[INFO GPL-0032] FillerInit:NumGNets:      16495
[INFO GPL-0033] FillerInit:NumGPins:      65620
[INFO GPL-0023] TargetDensity:            1.000
[INFO GPL-0024] AvrgPlaceInstArea:       13.743 um^2
[INFO GPL-0025] IdealBinArea:            13.743 um^2
[INFO GPL-0026] IdealBinCnt:              36547
[INFO GPL-0027] TotalBinArea:        502281.728 um^2
[INFO GPL-0028] BinCnt:       128    128
[INFO GPL-0029] BinSize: (  5.549  5.525 )
[INFO GPL-0030] NumBins: 16384
Placement density is 0.5487707471847534, computed from PLACE_DENSITY_LB_ADDON 0.2 and lower bound 0.4234634339809418
global_placement -skip_io -density 0.5487707471847534 -pad_left 0 -pad_right 0
[INFO GPL-0002] DBU: 1000
[INFO GPL-0003] SiteSize: (  0.460  2.720 ) um
[INFO GPL-0004] CoreBBox: (  1.380  2.720 ) ( 711.620 709.920 ) um
[INFO GPL-0006] NumInstances:             21900
[INFO GPL-0007] NumPlaceInstances:        15219
[INFO GPL-0008] NumFixedInstances:         6681
[INFO GPL-0009] NumDummyInstances:            0
[INFO GPL-0010] NumNets:                  16495
[INFO GPL-0011] NumPins:                  64849
[INFO GPL-0012] DieBBox:  (  0.000  0.000 ) ( 712.915 712.915 ) um
[INFO GPL-0013] CoreBBox: (  1.380  2.720 ) ( 711.620 709.920 ) um
[INFO GPL-0016] CoreArea:            502281.728 um^2
[INFO GPL-0017] NonPlaceInstsArea:     8359.267 um^2
[INFO GPL-0018] PlaceInstsArea:      209158.099 um^2
[INFO GPL-0019] Util:                    42.346 %
[INFO GPL-0020] StdInstsArea:        209158.099 um^2
[INFO GPL-0021] MacroInstsArea:           0.000 um^2
[INFO GPL-0031] FillerInit:NumGCells:     19841
[INFO GPL-0032] FillerInit:NumGNets:      16495
[INFO GPL-0033] FillerInit:NumGPins:      64849
[INFO GPL-0023] TargetDensity:            0.549
[INFO GPL-0024] AvrgPlaceInstArea:       13.743 um^2
[INFO GPL-0025] IdealBinArea:            25.044 um^2
[INFO GPL-0026] IdealBinCnt:              20056
[INFO GPL-0027] TotalBinArea:        502281.728 um^2
[INFO GPL-0028] BinCnt:       128    128
[INFO GPL-0029] BinSize: (  5.549  5.525 )
[INFO GPL-0030] NumBins: 16384
[NesterovSolve] Iter:    1 overflow: 0.999 HPWL: 54544174
[NesterovSolve] Iter:   10 overflow: 0.999 HPWL: 24875920
[NesterovSolve] Iter:   20 overflow: 0.999 HPWL: 22696732
[NesterovSolve] Iter:   30 overflow: 0.999 HPWL: 22580477
[NesterovSolve] Iter:   40 overflow: 0.999 HPWL: 22294689
[NesterovSolve] Iter:   50 overflow: 0.999 HPWL: 22169732
[NesterovSolve] Iter:   60 overflow: 0.999 HPWL: 22028323
[NesterovSolve] Iter:   70 overflow: 0.999 HPWL: 21909833
[NesterovSolve] Iter:   80 overflow: 0.999 HPWL: 21790606
[NesterovSolve] Iter:   90 overflow: 0.998 HPWL: 21684391
[NesterovSolve] Iter:  100 overflow: 0.998 HPWL: 21656756
[NesterovSolve] Iter:  110 overflow: 0.998 HPWL: 21923350
[NesterovSolve] Iter:  120 overflow: 0.998 HPWL: 22616853
[NesterovSolve] Iter:  130 overflow: 0.998 HPWL: 24154469
[NesterovSolve] Iter:  140 overflow: 0.997 HPWL: 27717169
[NesterovSolve] Iter:  150 overflow: 0.995 HPWL: 35897313
[NesterovSolve] Iter:  160 overflow: 0.992 HPWL: 49881209
[NesterovSolve] Iter:  170 overflow: 0.987 HPWL: 67230650
[NesterovSolve] Iter:  180 overflow: 0.981 HPWL: 83827438
[NesterovSolve] Iter:  190 overflow: 0.971 HPWL: 105304156
[NesterovSolve] Iter:  200 overflow: 0.957 HPWL: 129835329
[NesterovSolve] Iter:  210 overflow: 0.937 HPWL: 151057403
[NesterovSolve] Iter:  220 overflow: 0.915 HPWL: 173494738
[NesterovSolve] Iter:  230 overflow: 0.891 HPWL: 201669896
[NesterovSolve] Iter:  240 overflow: 0.861 HPWL: 236519078
[NesterovSolve] Iter:  250 overflow: 0.826 HPWL: 273127665
[NesterovSolve] Iter:  260 overflow: 0.790 HPWL: 304801582
[NesterovSolve] Iter:  270 overflow: 0.750 HPWL: 332170867
[NesterovSolve] Iter:  280 overflow: 0.706 HPWL: 354538251
[NesterovSolve] Iter:  290 overflow: 0.664 HPWL: 372683479
[NesterovSolve] Iter:  300 overflow: 0.627 HPWL: 393456940
[NesterovSolve] Iter:  310 overflow: 0.584 HPWL: 412402172
[NesterovSolve] Iter:  320 overflow: 0.542 HPWL: 422090108
[NesterovSolve] Iter:  330 overflow: 0.499 HPWL: 425790418
[NesterovSolve] Iter:  340 overflow: 0.457 HPWL: 434802991
[NesterovSolve] Iter:  350 overflow: 0.415 HPWL: 438906455
[NesterovSolve] Iter:  360 overflow: 0.373 HPWL: 440994164
[NesterovSolve] Iter:  370 overflow: 0.333 HPWL: 443960523
[NesterovSolve] Iter:  380 overflow: 0.305 HPWL: 445935165
[NesterovSolve] Iter:  390 overflow: 0.275 HPWL: 447979791
[NesterovSolve] Iter:  400 overflow: 0.250 HPWL: 450749388
[NesterovSolve] Iter:  410 overflow: 0.224 HPWL: 452668640
[NesterovSolve] Iter:  420 overflow: 0.198 HPWL: 454580157
[NesterovSolve] Iter:  430 overflow: 0.171 HPWL: 456234030
[NesterovSolve] Iter:  440 overflow: 0.145 HPWL: 458147136
[NesterovSolve] Iter:  450 overflow: 0.122 HPWL: 460132708
[NesterovSolve] Iter:  460 overflow: 0.103 HPWL: 462120684
[NesterovSolve] Finished with Overflow: 0.099656
Elapsed time: 0:05.32[h:]min:sec. CPU time: user 61.55 sys 0.11 (1158%). Peak memory: 196352KB.
