OpenROAD v2.0-17941-g7fb347f37 
Features included (+) or not (-): +GPU +GUI +Python
This program is licensed under the BSD-3 license. See the LICENSE file for details.
Components of this program may be licensed under more restrictive licenses which must be honored.
[INFO ORD-0030] Using 12 thread(s).
Placement Analysis
---------------------------------
total displacement      38608.3 u
average displacement        1.5 u
max displacement           18.9 u
original HPWL          725112.7 u
legalized HPWL         757323.8 u
delta HPWL                    4 %

Detailed placement improvement.
Importing netlist into detailed improver.
[INFO DPO-0100] Creating network with 24954 cells, 771 terminals, 17530 edges, 67690 pins, and 0 blockages.
[INFO DPO-0109] Network stats: inst 25725, edges 17530, pins 67690
[INFO DPO-0110] Number of regions is 1
[INFO DPO-0401] Setting random seed to 1.
[INFO DPO-0402] Setting maximum displacement 5 1 to 13600 2720 units.
[INFO DPO-0320] Collected 9471 fixed cells.
[INFO DPO-0318] Collected 16254 single height cells.
[INFO DPO-0321] Collected 0 wide cells.
[INFO DPO-0322] Image (1380, 2720) - (813740, 813280)
[INFO DPO-0310] Assigned 16254 cells into segments.  Movement in X-direction is 0.000000, movement in Y-direction is 0.000000.
[INFO DPO-0313] Found 0 cells in wrong regions.
[INFO DPO-0315] Found 0 row alignment problems.
[INFO DPO-0314] Found 0 site alignment problems.
[INFO DPO-0311] Found 0 overlaps between adjacent cells.
[INFO DPO-0312] Found 0 edge spacing violations and 0 padding violations.
[INFO DPO-0303] Running algorithm for independent set matching.
[INFO DPO-0300] Set matching objective is wirelength.
[INFO DPO-0301] Pass   1 of matching; objective is 7.577059e+08.
[INFO DPO-0302] End of matching; objective is 7.572050e+08, improvement is 0.07 percent.
[INFO DPO-0303] Running algorithm for global swaps.
[INFO DPO-0306] Pass   1 of global swaps; hpwl is 7.490299e+08.
[INFO DPO-0306] Pass   2 of global swaps; hpwl is 7.476721e+08.
[INFO DPO-0307] End of global swaps; objective is 7.476721e+08, improvement is 1.26 percent.
[INFO DPO-0303] Running algorithm for vertical swaps.
[INFO DPO-0308] Pass   1 of vertical swaps; hpwl is 7.456849e+08.
[INFO DPO-0309] End of vertical swaps; objective is 7.456849e+08, improvement is 0.27 percent.
[INFO DPO-0303] Running algorithm for reordering.
[INFO DPO-0304] Pass   1 of reordering; objective is 7.453790e+08.
[INFO DPO-0305] End of reordering; objective is 7.453790e+08, improvement is 0.04 percent.
[INFO DPO-0303] Running algorithm for random improvement.
[INFO DPO-0324] Random improver is using displacement generator.
[INFO DPO-0325] Random improver is using hpwl objective.
[INFO DPO-0326] Random improver cost string is (a).
[INFO DPO-0332] End of pass, Generator displacement called 325080 times.
[INFO DPO-0335] Generator displacement, Cumulative attempts 325080, swaps 46108, moves 83436 since last reset.
[INFO DPO-0333] End of pass, Objective hpwl, Initial cost 7.431595e+08, Scratch cost 7.369772e+08, Incremental cost 7.369772e+08, Mismatch? N
[INFO DPO-0338] End of pass, Total cost is 7.369772e+08.
[INFO DPO-0327] Pass   1 of random improver; improvement in cost is 0.83 percent.
[INFO DPO-0328] End of random improver; improvement is 0.831895 percent.
[INFO DPO-0380] Cell flipping.
[INFO DPO-0382] Changed 8070 cell orientations for row compatibility.
[INFO DPO-0383] Performed 4978 cell flips.
[INFO DPO-0384] End of flipping; objective is 7.303823e+08, improvement is 1.19 percent.
[INFO DPO-0313] Found 0 cells in wrong regions.
[INFO DPO-0315] Found 0 row alignment problems.
[INFO DPO-0314] Found 0 site alignment problems.
[INFO DPO-0311] Found 0 overlaps between adjacent cells.
[INFO DPO-0312] Found 0 edge spacing violations and 0 padding violations.
Detailed Improvement Results
------------------------------------------
Original HPWL           757323.8 u
Final HPWL              728056.8 u
Delta HPWL                  -3.9 %

[INFO DPL-0020] Mirrored 715 instances
[INFO DPL-0021] HPWL before          728056.8 u
[INFO DPL-0022] HPWL after           727413.3 u
[INFO DPL-0023] HPWL delta               -0.1 %
[INFO FLW-0012] Placement violations .
Report metrics stage 3, detailed place...

==========================================================================
detailed place report_design_area
--------------------------------------------------------------------------
Design area 262051 u^2 40% utilization.
Elapsed time: 0:14.01[h:]min:sec. CPU time: user 15.09 sys 0.15 (108%). Peak memory: 321856KB.
