OpenROAD v2.0-17941-g7fb347f37 
Features included (+) or not (-): +GPU +GUI +Python
This program is licensed under the BSD-3 license. See the LICENSE file for details.
Components of this program may be licensed under more restrictive licenses which must be honored.
[INFO ORD-0030] Using 12 thread(s).
Deleted 0 routing obstructions
[INFO RCX-0431] Defined process_corner X with ext_model_index 0
[INFO RCX-0029] Defined extraction corner X
[INFO RCX-0435] Reading extraction model file /home/abhinith/OpenROAD-flow-scripts/flow/platforms/sky130hd/rcx_patterns.rules ...
[INFO RCX-0436] RC segment generation shapipe (max_merge_res 50.0) ...
[INFO RCX-0040] Final 96578 rc segments
[INFO RCX-0439] Coupling Cap extraction shapipe ...
[INFO RCX-0440] Coupling threshhold is 0.1000 fF, coupling capacitance less than 0.1000 fF will be grounded.
[INFO RCX-0442] 55% of 207598 wires extracted
[INFO RCX-0442] 100% of 207598 wires extracted
[INFO RCX-0045] Extract 18511 nets, 115067 rsegs, 115067 caps, 234749 ccs
[INFO RCX-0443] 18511 nets finished
[INFO PSM-0040] All shapes on net VDD are connected.
[INFO PSM-0073] Using bump pattern with x-pitch 140.0000um, y-pitch 140.0000um, and size 70.0000um with an reduction factor of 3x.
########## IR report #################
Net              : VDD
Corner           : default
Supply voltage   : 1.80e+00 V
Worstcase voltage: 1.76e+00 V
Average voltage  : 1.80e+00 V
Average IR drop  : 3.56e-03 V
Worstcase IR drop: 3.82e-02 V
Percentage drop  : 2.12 %
######################################
[INFO PSM-0040] All shapes on net VSS are connected.
[INFO PSM-0073] Using bump pattern with x-pitch 140.0000um, y-pitch 140.0000um, and size 70.0000um with an reduction factor of 3x.
########## IR report #################
Net              : VSS
Corner           : default
Supply voltage   : 0.00e+00 V
Worstcase voltage: 4.31e-02 V
Average voltage  : 4.42e-03 V
Average IR drop  : 4.42e-03 V
Worstcase IR drop: 4.31e-02 V
Percentage drop  : 2.39 %
######################################
Cell type report:                       Count       Area
  Antenna cell                            174     435.42
  Clock buffer                            446    9673.03
  Timing Repair Buffer                   1611   18963.19
  Inverter                                658    2721.36
  Clock inverter                          203    2250.91
  Sequential cell                        2787   79284.79
  Multi-Input combinational cell        11825  162402.01
  Total                                 17704  275730.70
Report metrics stage 6, finish...

==========================================================================
finish report_design_area
--------------------------------------------------------------------------
Design area 286616 u^2 44% utilization.
[WARNING GUI-0076] QStandardPaths: wrong permissions on runtime directory /run/user/1000/, 0755 instead of 0700
Elapsed time: 1:17.20[h:]min:sec. CPU time: user 63.10 sys 1.34 (83%). Peak memory: 749980KB.
