OpenROAD v2.0-17941-g7fb347f37 
Features included (+) or not (-): +GPU +GUI +Python
This program is licensed under the BSD-3 license. See the LICENSE file for details.
Components of this program may be licensed under more restrictive licenses which must be honored.
[INFO ORD-0030] Using 12 thread(s).
Deleted 0 routing obstructions
[INFO RCX-0431] Defined process_corner X with ext_model_index 0
[INFO RCX-0029] Defined extraction corner X
[INFO RCX-0435] Reading extraction model file /home/abhinith/OpenROAD-flow-scripts/flow/platforms/sky130hd/rcx_patterns.rules ...
[INFO RCX-0436] RC segment generation shapipe (max_merge_res 50.0) ...
[INFO RCX-0040] Final 97135 rc segments
[INFO RCX-0439] Coupling Cap extraction shapipe ...
[INFO RCX-0440] Coupling threshhold is 0.1000 fF, coupling capacitance less than 0.1000 fF will be grounded.
[INFO RCX-0442] 55% of 206538 wires extracted
[INFO RCX-0442] 100% of 206538 wires extracted
[INFO RCX-0045] Extract 18411 nets, 115524 rsegs, 115524 caps, 230354 ccs
[INFO RCX-0443] 18411 nets finished
[INFO PSM-0040] All shapes on net VDD are connected.
[INFO PSM-0073] Using bump pattern with x-pitch 140.0000um, y-pitch 140.0000um, and size 70.0000um with an reduction factor of 3x.
########## IR report #################
Net              : VDD
Corner           : default
Supply voltage   : 1.80e+00 V
Worstcase voltage: 1.77e+00 V
Average voltage  : 1.80e+00 V
Average IR drop  : 3.28e-03 V
Worstcase IR drop: 3.32e-02 V
Percentage drop  : 1.85 %
######################################
[INFO PSM-0040] All shapes on net VSS are connected.
[INFO PSM-0073] Using bump pattern with x-pitch 140.0000um, y-pitch 140.0000um, and size 70.0000um with an reduction factor of 3x.
########## IR report #################
Net              : VSS
Corner           : default
Supply voltage   : 0.00e+00 V
Worstcase voltage: 3.96e-02 V
Average voltage  : 4.19e-03 V
Average IR drop  : 4.19e-03 V
Worstcase IR drop: 3.96e-02 V
Percentage drop  : 2.20 %
######################################
Cell type report:                       Count       Area
  Antenna cell                            145     362.85
  Clock buffer                            443    9401.52
  Timing Repair Buffer                   1520   17245.29
  Inverter                                658    2693.83
  Clock inverter                          206    2074.49
  Sequential cell                        2787   79306.06
  Multi-Input combinational cell        11816  161974.10
  Total                                 17575  273058.13
Report metrics stage 6, finish...

==========================================================================
finish report_design_area
--------------------------------------------------------------------------
Design area 284965 u^2 40% utilization.
[WARNING GUI-0076] QStandardPaths: wrong permissions on runtime directory /run/user/1000/, 0755 instead of 0700
Elapsed time: 1:10.81[h:]min:sec. CPU time: user 64.43 sys 0.92 (92%). Peak memory: 770520KB.
