OpenROAD v2.0-17941-g7fb347f37 
Features included (+) or not (-): +GPU +GUI +Python
This program is licensed under the BSD-3 license. See the LICENSE file for details.
Components of this program may be licensed under more restrictive licenses which must be honored.
[INFO ORD-0030] Using 12 thread(s).
[INFO GPL-0002] DBU: 1000
[INFO GPL-0003] SiteSize: (  0.460  2.720 ) um
[INFO GPL-0004] CoreBBox: (  1.380  2.720 ) ( 656.420 655.520 ) um
[INFO GPL-0006] NumInstances:             20906
[INFO GPL-0007] NumPlaceInstances:        15219
[INFO GPL-0008] NumFixedInstances:         5687
[INFO GPL-0009] NumDummyInstances:            0
[INFO GPL-0010] NumNets:                  16495
[INFO GPL-0011] NumPins:                  65620
[INFO GPL-0012] DieBBox:  (  0.000  0.000 ) ( 657.430 657.430 ) um
[INFO GPL-0013] CoreBBox: (  1.380  2.720 ) ( 656.420 655.520 ) um
[INFO GPL-0016] CoreArea:            427610.112 um^2
[INFO GPL-0017] NonPlaceInstsArea:     7115.574 um^2
[INFO GPL-0018] PlaceInstsArea:      209158.099 um^2
[INFO GPL-0019] Util:                    49.741 %
[INFO GPL-0020] StdInstsArea:        209158.099 um^2
[INFO GPL-0021] MacroInstsArea:           0.000 um^2
[INFO GPL-0031] FillerInit:NumGCells:     31001
[INFO GPL-0032] FillerInit:NumGNets:      16495
[INFO GPL-0033] FillerInit:NumGPins:      65620
[INFO GPL-0023] TargetDensity:            1.000
[INFO GPL-0024] AvrgPlaceInstArea:       13.743 um^2
[INFO GPL-0025] IdealBinArea:            13.743 um^2
[INFO GPL-0026] IdealBinCnt:              31114
[INFO GPL-0027] TotalBinArea:        427610.112 um^2
[INFO GPL-0028] BinCnt:       128    128
[INFO GPL-0029] BinSize: (  5.118  5.100 )
[INFO GPL-0030] NumBins: 16384
Placement density is 0.6079278087615967, computed from PLACE_DENSITY_LB_ADDON 0.2 and lower bound 0.49740976095199585
global_placement -skip_io -density 0.6079278087615967 -pad_left 0 -pad_right 0
[INFO GPL-0002] DBU: 1000
[INFO GPL-0003] SiteSize: (  0.460  2.720 ) um
[INFO GPL-0004] CoreBBox: (  1.380  2.720 ) ( 656.420 655.520 ) um
[INFO GPL-0006] NumInstances:             20906
[INFO GPL-0007] NumPlaceInstances:        15219
[INFO GPL-0008] NumFixedInstances:         5687
[INFO GPL-0009] NumDummyInstances:            0
[INFO GPL-0010] NumNets:                  16495
[INFO GPL-0011] NumPins:                  64849
[INFO GPL-0012] DieBBox:  (  0.000  0.000 ) ( 657.430 657.430 ) um
[INFO GPL-0013] CoreBBox: (  1.380  2.720 ) ( 656.420 655.520 ) um
[INFO GPL-0016] CoreArea:            427610.112 um^2
[INFO GPL-0017] NonPlaceInstsArea:     7115.574 um^2
[INFO GPL-0018] PlaceInstsArea:      209158.099 um^2
[INFO GPL-0019] Util:                    49.741 %
[INFO GPL-0020] StdInstsArea:        209158.099 um^2
[INFO GPL-0021] MacroInstsArea:           0.000 um^2
[INFO GPL-0031] FillerInit:NumGCells:     18689
[INFO GPL-0032] FillerInit:NumGNets:      16495
[INFO GPL-0033] FillerInit:NumGPins:      64849
[INFO GPL-0023] TargetDensity:            0.608
[INFO GPL-0024] AvrgPlaceInstArea:       13.743 um^2
[INFO GPL-0025] IdealBinArea:            22.607 um^2
[INFO GPL-0026] IdealBinCnt:              18915
[INFO GPL-0027] TotalBinArea:        427610.112 um^2
[INFO GPL-0028] BinCnt:       128    128
[INFO GPL-0029] BinSize: (  5.118  5.100 )
[INFO GPL-0030] NumBins: 16384
[NesterovSolve] Iter:    1 overflow: 0.999 HPWL: 54026245
[NesterovSolve] Iter:   10 overflow: 0.999 HPWL: 24756368
[NesterovSolve] Iter:   20 overflow: 0.999 HPWL: 22706915
[NesterovSolve] Iter:   30 overflow: 0.999 HPWL: 22577761
[NesterovSolve] Iter:   40 overflow: 0.999 HPWL: 22295829
[NesterovSolve] Iter:   50 overflow: 0.999 HPWL: 22172652
[NesterovSolve] Iter:   60 overflow: 0.999 HPWL: 22031022
[NesterovSolve] Iter:   70 overflow: 0.999 HPWL: 21913563
[NesterovSolve] Iter:   80 overflow: 0.999 HPWL: 21792993
[NesterovSolve] Iter:   90 overflow: 0.999 HPWL: 21685729
[NesterovSolve] Iter:  100 overflow: 0.999 HPWL: 21639605
[NesterovSolve] Iter:  110 overflow: 0.998 HPWL: 21859809
[NesterovSolve] Iter:  120 overflow: 0.998 HPWL: 22465222
[NesterovSolve] Iter:  130 overflow: 0.998 HPWL: 23784236
[NesterovSolve] Iter:  140 overflow: 0.997 HPWL: 27013904
[NesterovSolve] Iter:  150 overflow: 0.996 HPWL: 34819461
[NesterovSolve] Iter:  160 overflow: 0.992 HPWL: 48369702
[NesterovSolve] Iter:  170 overflow: 0.987 HPWL: 63831565
[NesterovSolve] Iter:  180 overflow: 0.981 HPWL: 79004157
[NesterovSolve] Iter:  190 overflow: 0.972 HPWL: 99017809
[NesterovSolve] Iter:  200 overflow: 0.958 HPWL: 122601590
[NesterovSolve] Iter:  210 overflow: 0.938 HPWL: 143242391
[NesterovSolve] Iter:  220 overflow: 0.917 HPWL: 163575648
[NesterovSolve] Iter:  230 overflow: 0.892 HPWL: 189567477
[NesterovSolve] Iter:  240 overflow: 0.861 HPWL: 221056172
[NesterovSolve] Iter:  250 overflow: 0.827 HPWL: 255109461
[NesterovSolve] Iter:  260 overflow: 0.790 HPWL: 286725015
[NesterovSolve] Iter:  270 overflow: 0.749 HPWL: 312999249
[NesterovSolve] Iter:  280 overflow: 0.706 HPWL: 335685977
[NesterovSolve] Iter:  290 overflow: 0.665 HPWL: 352249170
[NesterovSolve] Iter:  300 overflow: 0.624 HPWL: 373695702
[NesterovSolve] Iter:  310 overflow: 0.586 HPWL: 394295687
[NesterovSolve] Iter:  320 overflow: 0.545 HPWL: 402820801
[NesterovSolve] Iter:  330 overflow: 0.502 HPWL: 406820015
[NesterovSolve] Iter:  340 overflow: 0.459 HPWL: 413925064
[NesterovSolve] Iter:  350 overflow: 0.417 HPWL: 418507241
[NesterovSolve] Iter:  360 overflow: 0.375 HPWL: 420596719
[NesterovSolve] Iter:  370 overflow: 0.334 HPWL: 423630217
[NesterovSolve] Iter:  380 overflow: 0.303 HPWL: 424850999
[NesterovSolve] Iter:  390 overflow: 0.275 HPWL: 427209830
[NesterovSolve] Iter:  400 overflow: 0.249 HPWL: 429141615
[NesterovSolve] Iter:  410 overflow: 0.224 HPWL: 431271660
[NesterovSolve] Iter:  420 overflow: 0.197 HPWL: 433052405
[NesterovSolve] Iter:  430 overflow: 0.170 HPWL: 434867580
[NesterovSolve] Iter:  440 overflow: 0.143 HPWL: 437107778
[NesterovSolve] Iter:  450 overflow: 0.120 HPWL: 438966772
[NesterovSolve] Iter:  460 overflow: 0.102 HPWL: 440960983
[NesterovSolve] Finished with Overflow: 0.098363
Elapsed time: 0:07.97[h:]min:sec. CPU time: user 58.17 sys 0.19 (732%). Peak memory: 192808KB.
