OpenROAD v2.0-17941-g7fb347f37 
Features included (+) or not (-): +GPU +GUI +Python
This program is licensed under the BSD-3 license. See the LICENSE file for details.
Components of this program may be licensed under more restrictive licenses which must be honored.
[INFO ORD-0030] Using 12 thread(s).
[INFO GPL-0002] DBU: 1000
[INFO GPL-0003] SiteSize: (  0.460  2.720 ) um
[INFO GPL-0004] CoreBBox: (  1.380  2.720 ) ( 673.440 671.840 ) um
[INFO GPL-0006] NumInstances:             21171
[INFO GPL-0007] NumPlaceInstances:        15219
[INFO GPL-0008] NumFixedInstances:         5952
[INFO GPL-0009] NumDummyInstances:            0
[INFO GPL-0010] NumNets:                  16495
[INFO GPL-0011] NumPins:                  65620
[INFO GPL-0012] DieBBox:  (  0.000  0.000 ) ( 674.455 674.455 ) um
[INFO GPL-0013] CoreBBox: (  1.380  2.720 ) ( 673.440 671.840 ) um
[INFO GPL-0016] CoreArea:            449688.787 um^2
[INFO GPL-0017] NonPlaceInstsArea:     7447.142 um^2
[INFO GPL-0018] PlaceInstsArea:      209158.099 um^2
[INFO GPL-0019] Util:                    47.295 %
[INFO GPL-0020] StdInstsArea:        209158.099 um^2
[INFO GPL-0021] MacroInstsArea:           0.000 um^2
[INFO GPL-0031] FillerInit:NumGCells:     32625
[INFO GPL-0032] FillerInit:NumGNets:      16495
[INFO GPL-0033] FillerInit:NumGPins:      65620
[INFO GPL-0023] TargetDensity:            1.000
[INFO GPL-0024] AvrgPlaceInstArea:       13.743 um^2
[INFO GPL-0025] IdealBinArea:            13.743 um^2
[INFO GPL-0026] IdealBinCnt:              32720
[INFO GPL-0027] TotalBinArea:        449688.787 um^2
[INFO GPL-0028] BinCnt:       128    128
[INFO GPL-0029] BinSize: (  5.251  5.228 )
[INFO GPL-0030] NumBins: 16384
Placement density is 0.588359842300415, computed from PLACE_DENSITY_LB_ADDON 0.2 and lower bound 0.4729498028755188
global_placement -skip_io -density 0.588359842300415 -pad_left 0 -pad_right 0
[INFO GPL-0002] DBU: 1000
[INFO GPL-0003] SiteSize: (  0.460  2.720 ) um
[INFO GPL-0004] CoreBBox: (  1.380  2.720 ) ( 673.440 671.840 ) um
[INFO GPL-0006] NumInstances:             21171
[INFO GPL-0007] NumPlaceInstances:        15219
[INFO GPL-0008] NumFixedInstances:         5952
[INFO GPL-0009] NumDummyInstances:            0
[INFO GPL-0010] NumNets:                  16495
[INFO GPL-0011] NumPins:                  64849
[INFO GPL-0012] DieBBox:  (  0.000  0.000 ) ( 674.455 674.455 ) um
[INFO GPL-0013] CoreBBox: (  1.380  2.720 ) ( 673.440 671.840 ) um
[INFO GPL-0016] CoreArea:            449688.787 um^2
[INFO GPL-0017] NonPlaceInstsArea:     7447.142 um^2
[INFO GPL-0018] PlaceInstsArea:      209158.099 um^2
[INFO GPL-0019] Util:                    47.295 %
[INFO GPL-0020] StdInstsArea:        209158.099 um^2
[INFO GPL-0021] MacroInstsArea:           0.000 um^2
[INFO GPL-0031] FillerInit:NumGCells:     19030
[INFO GPL-0032] FillerInit:NumGNets:      16495
[INFO GPL-0033] FillerInit:NumGPins:      64849
[INFO GPL-0023] TargetDensity:            0.588
[INFO GPL-0024] AvrgPlaceInstArea:       13.743 um^2
[INFO GPL-0025] IdealBinArea:            23.359 um^2
[INFO GPL-0026] IdealBinCnt:              19251
[INFO GPL-0027] TotalBinArea:        449688.787 um^2
[INFO GPL-0028] BinCnt:       128    128
[INFO GPL-0029] BinSize: (  5.251  5.228 )
[INFO GPL-0030] NumBins: 16384
[NesterovSolve] Iter:    1 overflow: 0.999 HPWL: 54013422
[NesterovSolve] Iter:   10 overflow: 0.999 HPWL: 24752293
[NesterovSolve] Iter:   20 overflow: 0.999 HPWL: 22706766
[NesterovSolve] Iter:   30 overflow: 0.999 HPWL: 22577778
[NesterovSolve] Iter:   40 overflow: 0.999 HPWL: 22294685
[NesterovSolve] Iter:   50 overflow: 0.999 HPWL: 22171624
[NesterovSolve] Iter:   60 overflow: 0.999 HPWL: 22030097
[NesterovSolve] Iter:   70 overflow: 0.999 HPWL: 21912658
[NesterovSolve] Iter:   80 overflow: 0.999 HPWL: 21792187
[NesterovSolve] Iter:   90 overflow: 0.999 HPWL: 21685264
[NesterovSolve] Iter:  100 overflow: 0.998 HPWL: 21644137
[NesterovSolve] Iter:  110 overflow: 0.998 HPWL: 21877294
[NesterovSolve] Iter:  120 overflow: 0.998 HPWL: 22509207
[NesterovSolve] Iter:  130 overflow: 0.998 HPWL: 23886493
[NesterovSolve] Iter:  140 overflow: 0.997 HPWL: 27204279
[NesterovSolve] Iter:  150 overflow: 0.995 HPWL: 35103094
[NesterovSolve] Iter:  160 overflow: 0.992 HPWL: 48764386
[NesterovSolve] Iter:  170 overflow: 0.987 HPWL: 64788264
[NesterovSolve] Iter:  180 overflow: 0.981 HPWL: 80400841
[NesterovSolve] Iter:  190 overflow: 0.972 HPWL: 100854700
[NesterovSolve] Iter:  200 overflow: 0.957 HPWL: 124784339
[NesterovSolve] Iter:  210 overflow: 0.938 HPWL: 145628963
[NesterovSolve] Iter:  220 overflow: 0.916 HPWL: 166760916
[NesterovSolve] Iter:  230 overflow: 0.892 HPWL: 193624337
[NesterovSolve] Iter:  240 overflow: 0.862 HPWL: 226434066
[NesterovSolve] Iter:  250 overflow: 0.827 HPWL: 261323063
[NesterovSolve] Iter:  260 overflow: 0.791 HPWL: 292718694
[NesterovSolve] Iter:  270 overflow: 0.750 HPWL: 319380289
[NesterovSolve] Iter:  280 overflow: 0.707 HPWL: 341273542
[NesterovSolve] Iter:  290 overflow: 0.666 HPWL: 357986933
[NesterovSolve] Iter:  300 overflow: 0.625 HPWL: 379324233
[NesterovSolve] Iter:  310 overflow: 0.587 HPWL: 399640798
[NesterovSolve] Iter:  320 overflow: 0.543 HPWL: 409414630
[NesterovSolve] Iter:  330 overflow: 0.501 HPWL: 413033688
[NesterovSolve] Iter:  340 overflow: 0.458 HPWL: 421247942
[NesterovSolve] Iter:  350 overflow: 0.416 HPWL: 424785524
[NesterovSolve] Iter:  360 overflow: 0.374 HPWL: 426995318
[NesterovSolve] Iter:  370 overflow: 0.334 HPWL: 430290017
[NesterovSolve] Iter:  380 overflow: 0.303 HPWL: 431825355
[NesterovSolve] Iter:  390 overflow: 0.275 HPWL: 433991958
[NesterovSolve] Iter:  400 overflow: 0.249 HPWL: 436274409
[NesterovSolve] Iter:  410 overflow: 0.224 HPWL: 438050252
[NesterovSolve] Iter:  420 overflow: 0.196 HPWL: 439963769
[NesterovSolve] Iter:  430 overflow: 0.172 HPWL: 441725560
[NesterovSolve] Iter:  440 overflow: 0.144 HPWL: 443902630
[NesterovSolve] Iter:  450 overflow: 0.121 HPWL: 445707434
[NesterovSolve] Iter:  460 overflow: 0.102 HPWL: 447683637
[NesterovSolve] Finished with Overflow: 0.099292
Elapsed time: 0:05.01[h:]min:sec. CPU time: user 57.95 sys 0.13 (1158%). Peak memory: 194000KB.
