OpenROAD v2.0-17941-g7fb347f37 
Features included (+) or not (-): +GPU +GUI +Python
This program is licensed under the BSD-3 license. See the LICENSE file for details.
Components of this program may be licensed under more restrictive licenses which must be honored.
[INFO ORD-0030] Using 12 thread(s).
Placement Analysis
---------------------------------
total displacement      47013.6 u
average displacement        2.1 u
max displacement           22.9 u
original HPWL          619574.8 u
legalized HPWL         665425.0 u
delta HPWL                    7 %

Detailed placement improvement.
Importing netlist into detailed improver.
[INFO DPO-0100] Creating network with 22181 cells, 771 terminals, 17505 edges, 67640 pins, and 0 blockages.
[INFO DPO-0109] Network stats: inst 22952, edges 17505, pins 67640
[INFO DPO-0110] Number of regions is 1
[INFO DPO-0401] Setting random seed to 1.
[INFO DPO-0402] Setting maximum displacement 5 1 to 13600 2720 units.
[INFO DPO-0320] Collected 6723 fixed cells.
[INFO DPO-0318] Collected 16229 single height cells.
[INFO DPO-0321] Collected 0 wide cells.
[INFO DPO-0322] Image (1380, 2720) - (673440, 671840)
[INFO DPO-0310] Assigned 16229 cells into segments.  Movement in X-direction is 0.000000, movement in Y-direction is 0.000000.
[INFO DPO-0313] Found 0 cells in wrong regions.
[INFO DPO-0315] Found 0 row alignment problems.
[INFO DPO-0314] Found 0 site alignment problems.
[INFO DPO-0311] Found 0 overlaps between adjacent cells.
[INFO DPO-0312] Found 0 edge spacing violations and 0 padding violations.
[INFO DPO-0303] Running algorithm for independent set matching.
[INFO DPO-0300] Set matching objective is wirelength.
[INFO DPO-0301] Pass   1 of matching; objective is 6.658311e+08.
[INFO DPO-0302] End of matching; objective is 6.648843e+08, improvement is 0.14 percent.
[INFO DPO-0303] Running algorithm for global swaps.
[INFO DPO-0306] Pass   1 of global swaps; hpwl is 6.573130e+08.
[INFO DPO-0306] Pass   2 of global swaps; hpwl is 6.560091e+08.
[INFO DPO-0307] End of global swaps; objective is 6.560091e+08, improvement is 1.33 percent.
[INFO DPO-0303] Running algorithm for vertical swaps.
[INFO DPO-0308] Pass   1 of vertical swaps; hpwl is 6.542904e+08.
[INFO DPO-0309] End of vertical swaps; objective is 6.542904e+08, improvement is 0.26 percent.
[INFO DPO-0303] Running algorithm for reordering.
[INFO DPO-0304] Pass   1 of reordering; objective is 6.534012e+08.
[INFO DPO-0305] End of reordering; objective is 6.534012e+08, improvement is 0.14 percent.
[INFO DPO-0303] Running algorithm for random improvement.
[INFO DPO-0324] Random improver is using displacement generator.
[INFO DPO-0325] Random improver is using hpwl objective.
[INFO DPO-0326] Random improver cost string is (a).
[INFO DPO-0332] End of pass, Generator displacement called 324580 times.
[INFO DPO-0335] Generator displacement, Cumulative attempts 324580, swaps 54329, moves 56314 since last reset.
[INFO DPO-0333] End of pass, Objective hpwl, Initial cost 6.514693e+08, Scratch cost 6.456767e+08, Incremental cost 6.456767e+08, Mismatch? N
[INFO DPO-0338] End of pass, Total cost is 6.456767e+08.
[INFO DPO-0327] Pass   1 of random improver; improvement in cost is 0.89 percent.
[INFO DPO-0328] End of random improver; improvement is 0.889157 percent.
[INFO DPO-0380] Cell flipping.
[INFO DPO-0382] Changed 8192 cell orientations for row compatibility.
[INFO DPO-0383] Performed 5147 cell flips.
[INFO DPO-0384] End of flipping; objective is 6.378270e+08, improvement is 1.51 percent.
[INFO DPO-0313] Found 0 cells in wrong regions.
[INFO DPO-0315] Found 0 row alignment problems.
[INFO DPO-0314] Found 0 site alignment problems.
[INFO DPO-0311] Found 0 overlaps between adjacent cells.
[INFO DPO-0312] Found 0 edge spacing violations and 0 padding violations.
Detailed Improvement Results
------------------------------------------
Original HPWL           665425.0 u
Final HPWL              635476.5 u
Delta HPWL                  -4.5 %

[INFO DPL-0020] Mirrored 716 instances
[INFO DPL-0021] HPWL before          635476.5 u
[INFO DPL-0022] HPWL after           634894.3 u
[INFO DPL-0023] HPWL delta               -0.1 %
[INFO FLW-0012] Placement violations .
Report metrics stage 3, detailed place...

==========================================================================
detailed place report_design_area
--------------------------------------------------------------------------
Design area 256651 u^2 57% utilization.
Elapsed time: 0:11.05[h:]min:sec. CPU time: user 11.93 sys 0.10 (108%). Peak memory: 269284KB.
