OpenROAD v2.0-17941-g7fb347f37 
Features included (+) or not (-): +GPU +GUI +Python
This program is licensed under the BSD-3 license. See the LICENSE file for details.
Components of this program may be licensed under more restrictive licenses which must be honored.
[INFO ORD-0030] Using 12 thread(s).
[INFO GPL-0002] DBU: 1000
[INFO GPL-0003] SiteSize: (  0.460  2.720 ) um
[INFO GPL-0004] CoreBBox: (  1.380  2.720 ) ( 625.600 625.600 ) um
[INFO GPL-0006] NumInstances:             20416
[INFO GPL-0007] NumPlaceInstances:        15219
[INFO GPL-0008] NumFixedInstances:         5197
[INFO GPL-0009] NumDummyInstances:            0
[INFO GPL-0010] NumNets:                  16495
[INFO GPL-0011] NumPins:                  65620
[INFO GPL-0012] DieBBox:  (  0.000  0.000 ) ( 626.930 626.930 ) um
[INFO GPL-0013] CoreBBox: (  1.380  2.720 ) ( 625.600 625.600 ) um
[INFO GPL-0016] CoreArea:            388814.154 um^2
[INFO GPL-0017] NonPlaceInstsArea:     6502.486 um^2
[INFO GPL-0018] PlaceInstsArea:      209158.099 um^2
[INFO GPL-0019] Util:                    54.709 %
[INFO GPL-0020] StdInstsArea:        209158.099 um^2
[INFO GPL-0021] MacroInstsArea:           0.000 um^2
[INFO GPL-0031] FillerInit:NumGCells:     28150
[INFO GPL-0032] FillerInit:NumGNets:      16495
[INFO GPL-0033] FillerInit:NumGPins:      65620
[INFO GPL-0023] TargetDensity:            1.000
[INFO GPL-0024] AvrgPlaceInstArea:       13.743 um^2
[INFO GPL-0025] IdealBinArea:            13.743 um^2
[INFO GPL-0026] IdealBinCnt:              28291
[INFO GPL-0027] TotalBinArea:        388814.154 um^2
[INFO GPL-0028] BinCnt:       128    128
[INFO GPL-0029] BinSize: (  4.877  4.867 )
[INFO GPL-0030] NumBins: 16384
Placement density is 0.6476703262329102, computed from PLACE_DENSITY_LB_ADDON 0.2 and lower bound 0.5470879077911377
global_placement -skip_io -density 0.6476703262329102 -pad_left 0 -pad_right 0
[INFO GPL-0002] DBU: 1000
[INFO GPL-0003] SiteSize: (  0.460  2.720 ) um
[INFO GPL-0004] CoreBBox: (  1.380  2.720 ) ( 625.600 625.600 ) um
[INFO GPL-0006] NumInstances:             20416
[INFO GPL-0007] NumPlaceInstances:        15219
[INFO GPL-0008] NumFixedInstances:         5197
[INFO GPL-0009] NumDummyInstances:            0
[INFO GPL-0010] NumNets:                  16495
[INFO GPL-0011] NumPins:                  64849
[INFO GPL-0012] DieBBox:  (  0.000  0.000 ) ( 626.930 626.930 ) um
[INFO GPL-0013] CoreBBox: (  1.380  2.720 ) ( 625.600 625.600 ) um
[INFO GPL-0016] CoreArea:            388814.154 um^2
[INFO GPL-0017] NonPlaceInstsArea:     6502.486 um^2
[INFO GPL-0018] PlaceInstsArea:      209158.099 um^2
[INFO GPL-0019] Util:                    54.709 %
[INFO GPL-0020] StdInstsArea:        209158.099 um^2
[INFO GPL-0021] MacroInstsArea:           0.000 um^2
[INFO GPL-0031] FillerInit:NumGCells:     18090
[INFO GPL-0032] FillerInit:NumGNets:      16495
[INFO GPL-0033] FillerInit:NumGPins:      64849
[INFO GPL-0023] TargetDensity:            0.648
[INFO GPL-0024] AvrgPlaceInstArea:       13.743 um^2
[INFO GPL-0025] IdealBinArea:            21.219 um^2
[INFO GPL-0026] IdealBinCnt:              18323
[INFO GPL-0027] TotalBinArea:        388814.154 um^2
[INFO GPL-0028] BinCnt:       128    128
[INFO GPL-0029] BinSize: (  4.877  4.867 )
[INFO GPL-0030] NumBins: 16384
[NesterovSolve] Iter:    1 overflow: 0.999 HPWL: 53268837
[NesterovSolve] Iter:   10 overflow: 0.999 HPWL: 24524528
[NesterovSolve] Iter:   20 overflow: 0.999 HPWL: 22745868
[NesterovSolve] Iter:   30 overflow: 0.999 HPWL: 22591701
[NesterovSolve] Iter:   40 overflow: 0.999 HPWL: 22319742
[NesterovSolve] Iter:   50 overflow: 0.999 HPWL: 22202416
[NesterovSolve] Iter:   60 overflow: 0.999 HPWL: 22061875
[NesterovSolve] Iter:   70 overflow: 0.999 HPWL: 21945760
[NesterovSolve] Iter:   80 overflow: 0.999 HPWL: 21820535
[NesterovSolve] Iter:   90 overflow: 0.999 HPWL: 21711063
[NesterovSolve] Iter:  100 overflow: 0.999 HPWL: 21660796
[NesterovSolve] Iter:  110 overflow: 0.998 HPWL: 21858206
[NesterovSolve] Iter:  120 overflow: 0.998 HPWL: 22411504
[NesterovSolve] Iter:  130 overflow: 0.998 HPWL: 23631407
[NesterovSolve] Iter:  140 overflow: 0.997 HPWL: 26696772
[NesterovSolve] Iter:  150 overflow: 0.995 HPWL: 34335576
[NesterovSolve] Iter:  160 overflow: 0.992 HPWL: 47699857
[NesterovSolve] Iter:  170 overflow: 0.987 HPWL: 62169355
[NesterovSolve] Iter:  180 overflow: 0.981 HPWL: 76605040
[NesterovSolve] Iter:  190 overflow: 0.972 HPWL: 95840618
[NesterovSolve] Iter:  200 overflow: 0.958 HPWL: 118747962
[NesterovSolve] Iter:  210 overflow: 0.939 HPWL: 139043352
[NesterovSolve] Iter:  220 overflow: 0.917 HPWL: 158214392
[NesterovSolve] Iter:  230 overflow: 0.892 HPWL: 183215585
[NesterovSolve] Iter:  240 overflow: 0.862 HPWL: 213153343
[NesterovSolve] Iter:  250 overflow: 0.827 HPWL: 245840120
[NesterovSolve] Iter:  260 overflow: 0.790 HPWL: 276423432
[NesterovSolve] Iter:  270 overflow: 0.747 HPWL: 302974343
[NesterovSolve] Iter:  280 overflow: 0.706 HPWL: 325107989
[NesterovSolve] Iter:  290 overflow: 0.664 HPWL: 340774548
[NesterovSolve] Iter:  300 overflow: 0.626 HPWL: 362528335
[NesterovSolve] Iter:  310 overflow: 0.584 HPWL: 383675529
[NesterovSolve] Iter:  320 overflow: 0.542 HPWL: 392296106
[NesterovSolve] Iter:  330 overflow: 0.501 HPWL: 395647448
[NesterovSolve] Iter:  340 overflow: 0.456 HPWL: 402548596
[NesterovSolve] Iter:  350 overflow: 0.412 HPWL: 406384807
[NesterovSolve] Iter:  360 overflow: 0.372 HPWL: 408351792
[NesterovSolve] Iter:  370 overflow: 0.332 HPWL: 411389839
[NesterovSolve] Iter:  380 overflow: 0.303 HPWL: 412552473
[NesterovSolve] Iter:  390 overflow: 0.273 HPWL: 414960969
[NesterovSolve] Iter:  400 overflow: 0.249 HPWL: 416756869
[NesterovSolve] Iter:  410 overflow: 0.224 HPWL: 418740469
[NesterovSolve] Iter:  420 overflow: 0.196 HPWL: 420443841
[NesterovSolve] Iter:  430 overflow: 0.170 HPWL: 422230911
[NesterovSolve] Iter:  440 overflow: 0.144 HPWL: 424180760
[NesterovSolve] Iter:  450 overflow: 0.122 HPWL: 426229797
[NesterovSolve] Iter:  460 overflow: 0.103 HPWL: 428178707
[NesterovSolve] Finished with Overflow: 0.099147
Elapsed time: 0:08.20[h:]min:sec. CPU time: user 54.14 sys 0.09 (661%). Peak memory: 187888KB.
