OpenROAD v2.0-17941-g7fb347f37 
Features included (+) or not (-): +GPU +GUI +Python
This program is licensed under the BSD-3 license. See the LICENSE file for details.
Components of this program may be licensed under more restrictive licenses which must be honored.
[INFO ORD-0030] Using 12 thread(s).
[INFO GPL-0002] DBU: 1000
[INFO GPL-0003] SiteSize: (  0.460  2.720 ) um
[INFO GPL-0004] CoreBBox: (  1.380  2.720 ) ( 625.600 625.600 ) um
[INFO GPL-0006] NumInstances:             20416
[INFO GPL-0007] NumPlaceInstances:        15219
[INFO GPL-0008] NumFixedInstances:         5197
[INFO GPL-0009] NumDummyInstances:            0
[INFO GPL-0010] NumNets:                  16495
[INFO GPL-0011] NumPins:                  65620
[INFO GPL-0012] DieBBox:  (  0.000  0.000 ) ( 626.930 626.930 ) um
[INFO GPL-0013] CoreBBox: (  1.380  2.720 ) ( 625.600 625.600 ) um
[INFO GPL-0016] CoreArea:            388814.154 um^2
[INFO GPL-0017] NonPlaceInstsArea:     6502.486 um^2
[INFO GPL-0018] PlaceInstsArea:      209158.099 um^2
[INFO GPL-0019] Util:                    54.709 %
[INFO GPL-0020] StdInstsArea:        209158.099 um^2
[INFO GPL-0021] MacroInstsArea:           0.000 um^2
[INFO GPL-0031] FillerInit:NumGCells:     28150
[INFO GPL-0032] FillerInit:NumGNets:      16495
[INFO GPL-0033] FillerInit:NumGPins:      65620
[INFO GPL-0023] TargetDensity:            1.000
[INFO GPL-0024] AvrgPlaceInstArea:       13.743 um^2
[INFO GPL-0025] IdealBinArea:            13.743 um^2
[INFO GPL-0026] IdealBinCnt:              28291
[INFO GPL-0027] TotalBinArea:        388814.154 um^2
[INFO GPL-0028] BinCnt:       128    128
[INFO GPL-0029] BinSize: (  4.877  4.867 )
[INFO GPL-0030] NumBins: 16384
Placement density is 0.6476703262329102, computed from PLACE_DENSITY_LB_ADDON 0.2 and lower bound 0.5470879077911377
global_placement -density 0.6476703262329102 -pad_left 0 -pad_right 0 -routability_driven -timing_driven
[INFO GPL-0002] DBU: 1000
[INFO GPL-0003] SiteSize: (  0.460  2.720 ) um
[INFO GPL-0004] CoreBBox: (  1.380  2.720 ) ( 625.600 625.600 ) um
[INFO GPL-0006] NumInstances:             20416
[INFO GPL-0007] NumPlaceInstances:        15219
[INFO GPL-0008] NumFixedInstances:         5197
[INFO GPL-0009] NumDummyInstances:            0
[INFO GPL-0010] NumNets:                  16495
[INFO GPL-0011] NumPins:                  65620
[INFO GPL-0012] DieBBox:  (  0.000  0.000 ) ( 626.930 626.930 ) um
[INFO GPL-0013] CoreBBox: (  1.380  2.720 ) ( 625.600 625.600 ) um
[INFO GPL-0016] CoreArea:            388814.154 um^2
[INFO GPL-0017] NonPlaceInstsArea:     6502.486 um^2
[INFO GPL-0018] PlaceInstsArea:      209158.099 um^2
[INFO GPL-0019] Util:                    54.709 %
[INFO GPL-0020] StdInstsArea:        209158.099 um^2
[INFO GPL-0021] MacroInstsArea:           0.000 um^2
[InitialPlace]  Iter: 1 CG residual: 0.00076209 HPWL: 674578076
[InitialPlace]  Iter: 2 CG residual: 0.00018373 HPWL: 488671359
[InitialPlace]  Iter: 3 CG residual: 0.00007564 HPWL: 483280515
[InitialPlace]  Iter: 4 CG residual: 0.00012487 HPWL: 478538806
[InitialPlace]  Iter: 5 CG residual: 0.00005316 HPWL: 475686050
[InitialPlace]  Iter: 6 CG residual: 0.00004472 HPWL: 473589306
[InitialPlace]  Iter: 7 CG residual: 0.00006938 HPWL: 471321421
[InitialPlace]  Iter: 8 CG residual: 0.00007659 HPWL: 469056676
[InitialPlace]  Iter: 9 CG residual: 0.00010059 HPWL: 466558890
[InitialPlace]  Iter: 10 CG residual: 0.00053847 HPWL: 464574533
[InitialPlace]  Iter: 11 CG residual: 0.00015292 HPWL: 462356961
[InitialPlace]  Iter: 12 CG residual: 0.00006649 HPWL: 460717555
[InitialPlace]  Iter: 13 CG residual: 0.00004749 HPWL: 459407434
[InitialPlace]  Iter: 14 CG residual: 0.00008397 HPWL: 458739954
[InitialPlace]  Iter: 15 CG residual: 0.00005121 HPWL: 457900690
[InitialPlace]  Iter: 16 CG residual: 0.00002632 HPWL: 457434551
[InitialPlace]  Iter: 17 CG residual: 0.00001877 HPWL: 456859829
[InitialPlace]  Iter: 18 CG residual: 0.00003519 HPWL: 456744975
[InitialPlace]  Iter: 19 CG residual: 0.00002691 HPWL: 456396527
[InitialPlace]  Iter: 20 CG residual: 0.00002992 HPWL: 456344905
[INFO GPL-0031] FillerInit:NumGCells:     18090
[INFO GPL-0032] FillerInit:NumGNets:      16495
[INFO GPL-0033] FillerInit:NumGPins:      65620
[INFO GPL-0023] TargetDensity:            0.648
[INFO GPL-0024] AvrgPlaceInstArea:       13.743 um^2
[INFO GPL-0025] IdealBinArea:            21.219 um^2
[INFO GPL-0026] IdealBinCnt:              18323
[INFO GPL-0027] TotalBinArea:        388814.154 um^2
[INFO GPL-0028] BinCnt:       128    128
[INFO GPL-0029] BinSize: (  4.877  4.867 )
[INFO GPL-0030] NumBins: 16384
[NesterovSolve] Iter:    1 overflow: 0.953 HPWL: 338788998
[NesterovSolve] Iter:   10 overflow: 0.871 HPWL: 398731721
[NesterovSolve] Iter:   20 overflow: 0.824 HPWL: 407861429
[NesterovSolve] Iter:   30 overflow: 0.808 HPWL: 408523768
[NesterovSolve] Iter:   40 overflow: 0.799 HPWL: 411301750
[NesterovSolve] Iter:   50 overflow: 0.798 HPWL: 411947606
[NesterovSolve] Iter:   60 overflow: 0.801 HPWL: 412883124
[NesterovSolve] Iter:   70 overflow: 0.800 HPWL: 413226402
[NesterovSolve] Iter:   80 overflow: 0.798 HPWL: 413139725
[NesterovSolve] Iter:   90 overflow: 0.798 HPWL: 412938345
[NesterovSolve] Iter:  100 overflow: 0.797 HPWL: 412317767
[NesterovSolve] Iter:  110 overflow: 0.798 HPWL: 411676130
[NesterovSolve] Iter:  120 overflow: 0.798 HPWL: 411414755
[NesterovSolve] Iter:  130 overflow: 0.797 HPWL: 411741846
[NesterovSolve] Iter:  140 overflow: 0.795 HPWL: 412503694
[NesterovSolve] Iter:  150 overflow: 0.792 HPWL: 413454240
[NesterovSolve] Iter:  160 overflow: 0.788 HPWL: 414871650
[INFO GPL-0100] Timing-driven iteration 1/6, virtual: true.
[INFO GPL-0101] Iter: 166, overflow: 0.785, keep rsz at: 0.3
[INFO GPL-0106] Timing-driven: worst slack -3.47e-09
[INFO GPL-0103] Timing-driven: weighted 1649 nets.
[NesterovSolve] Iter:  170 overflow: 0.783 HPWL: 416839457
[NesterovSolve] Iter:  180 overflow: 0.777 HPWL: 416334868
[NesterovSolve] Iter:  190 overflow: 0.766 HPWL: 419068083
[NesterovSolve] Iter:  200 overflow: 0.748 HPWL: 422269727
[NesterovSolve] Iter:  210 overflow: 0.724 HPWL: 426320831
[NesterovSolve] Iter:  220 overflow: 0.697 HPWL: 430317810
[NesterovSolve] Iter:  230 overflow: 0.670 HPWL: 434519896
[NesterovSolve] Iter:  240 overflow: 0.640 HPWL: 438959711
[INFO GPL-0100] Timing-driven iteration 2/6, virtual: true.
[INFO GPL-0101] Iter: 241, overflow: 0.634, keep rsz at: 0.3
[INFO GPL-0106] Timing-driven: worst slack -4.26e-09
[INFO GPL-0103] Timing-driven: weighted 1649 nets.
[NesterovSolve] Iter:  250 overflow: 0.610 HPWL: 444836932
[NesterovSolve] Snapshot saved at iter = 252
[NesterovSolve] Iter:  260 overflow: 0.579 HPWL: 453639614
[NesterovSolve] Iter:  270 overflow: 0.542 HPWL: 459172761
[NesterovSolve] Iter:  280 overflow: 0.506 HPWL: 461941726
[INFO GPL-0100] Timing-driven iteration 3/6, virtual: true.
[INFO GPL-0101] Iter: 285, overflow: 0.482, keep rsz at: 0.3
[INFO GPL-0106] Timing-driven: worst slack -4.44e-09
[INFO GPL-0103] Timing-driven: weighted 1648 nets.
[NesterovSolve] Iter:  290 overflow: 0.466 HPWL: 464660061
[NesterovSolve] Iter:  300 overflow: 0.426 HPWL: 469001108
[NesterovSolve] Iter:  310 overflow: 0.388 HPWL: 471236251
[NesterovSolve] Iter:  320 overflow: 0.350 HPWL: 473667201
[NesterovSolve] Iter:  330 overflow: 0.319 HPWL: 476235135
[INFO GPL-0075] Routability iteration: 1
[INFO GPL-0036] TileBBox: (    0    0 ) ( 6900 6900 ) DBU
[INFO GPL-0038] TileCnt:      90   90
[INFO GPL-0040] NumTiles: 8100
[INFO GPL-0081] TotalRouteOverflow: 12.0567
[INFO GPL-0082] OverflowTileCnt: 148
[INFO GPL-0083] 0.5%RC: 1.1741
[INFO GPL-0084] 1.0%RC: 1.1275
[INFO GPL-0085] 2.0%RC: 1.0741
[INFO GPL-0086] 5.0%RC: 0.9965
[INFO GPL-0087] FinalRC: 1.1508248
[INFO GPL-0078] FinalRC lower than minRC (1000000015047466219876688855040.0000), min RC updated.
[INFO GPL-0045] InflatedAreaDelta:     6177.809 um^2 (+2.95%)
[INFO GPL-0046] TargetDensity:            0.648
[INFO GPL-0049] WhiteSpaceArea:      382311.667 um^2
[INFO GPL-0050] NesterovInstsArea:   209158.099 um^2
[INFO GPL-0051] TotalFillerArea:      38453.817 um^2
[INFO GPL-0052] TotalGCellsArea:     247611.916 um^2
[INFO GPL-0053] ExpectedGCellsArea:  253789.725 um^2
[INFO GPL-0054] NewTargetDensity:         0.664
[INFO GPL-0055] NewWhiteSpaceArea:   382311.667 um^2
[INFO GPL-0056] MovableArea:         253789.733 um^2
[INFO GPL-0057] NewNesterovInstArea: 215335.908 um^2
[INFO GPL-0058] NewTotalFillerArea:   38453.825 um^2
[INFO GPL-0059] NewTotalGCellsArea:  253789.733 um^2
[NesterovSolve] Revert back to snapshot coordi
[NesterovSolve] Iter:  340 overflow: 0.596 HPWL: 451242124
[NesterovSolve] Iter:  350 overflow: 0.563 HPWL: 459637280
[NesterovSolve] Iter:  360 overflow: 0.535 HPWL: 462839217
[NesterovSolve] Iter:  370 overflow: 0.505 HPWL: 463743574
[NesterovSolve] Iter:  380 overflow: 0.475 HPWL: 465235203
[NesterovSolve] Iter:  390 overflow: 0.445 HPWL: 469624668
[NesterovSolve] Iter:  400 overflow: 0.413 HPWL: 471901138
[NesterovSolve] Iter:  410 overflow: 0.381 HPWL: 473941148
[NesterovSolve] Iter:  420 overflow: 0.352 HPWL: 476681016
[NesterovSolve] Iter:  430 overflow: 0.319 HPWL: 479029125
[INFO GPL-0075] Routability iteration: 2
[INFO GPL-0036] TileBBox: (    0    0 ) ( 6900 6900 ) DBU
[INFO GPL-0038] TileCnt:      90   90
[INFO GPL-0040] NumTiles: 8100
[INFO GPL-0081] TotalRouteOverflow: 4.9671
[INFO GPL-0082] OverflowTileCnt: 95
[INFO GPL-0083] 0.5%RC: 1.0892
[INFO GPL-0084] 1.0%RC: 1.0598
[INFO GPL-0085] 2.0%RC: 1.0202
[INFO GPL-0086] 5.0%RC: 0.9619
[INFO GPL-0087] FinalRC: 1.074523
[INFO GPL-0078] FinalRC lower than minRC (1.1508), min RC updated.
[INFO GPL-0045] InflatedAreaDelta:     1872.991 um^2 (+0.87%)
[INFO GPL-0046] TargetDensity:            0.664
[INFO GPL-0049] WhiteSpaceArea:      382311.667 um^2
[INFO GPL-0050] NesterovInstsArea:   215335.908 um^2
[INFO GPL-0051] TotalFillerArea:      38453.825 um^2
[INFO GPL-0052] TotalGCellsArea:     253789.733 um^2
[INFO GPL-0053] ExpectedGCellsArea:  255662.724 um^2
[INFO GPL-0054] NewTargetDensity:         0.669
[INFO GPL-0055] NewWhiteSpaceArea:   382311.667 um^2
[INFO GPL-0056] MovableArea:         255662.719 um^2
[INFO GPL-0057] NewNesterovInstArea: 217208.900 um^2
[INFO GPL-0058] NewTotalFillerArea:   38453.819 um^2
[INFO GPL-0059] NewTotalGCellsArea:  255662.719 um^2
[NesterovSolve] Revert back to snapshot coordi
[NesterovSolve] Iter:  440 overflow: 0.597 HPWL: 451525783
[NesterovSolve] Iter:  450 overflow: 0.563 HPWL: 461062868
[NesterovSolve] Iter:  460 overflow: 0.534 HPWL: 464393263
[NesterovSolve] Iter:  470 overflow: 0.504 HPWL: 465422089
[NesterovSolve] Iter:  480 overflow: 0.475 HPWL: 466758671
[NesterovSolve] Iter:  490 overflow: 0.445 HPWL: 470928627
[NesterovSolve] Iter:  500 overflow: 0.414 HPWL: 473492448
[NesterovSolve] Iter:  510 overflow: 0.381 HPWL: 475637616
[NesterovSolve] Iter:  520 overflow: 0.352 HPWL: 478196640
[NesterovSolve] Iter:  530 overflow: 0.319 HPWL: 480652305
[INFO GPL-0075] Routability iteration: 3
[INFO GPL-0036] TileBBox: (    0    0 ) ( 6900 6900 ) DBU
[INFO GPL-0038] TileCnt:      90   90
[INFO GPL-0040] NumTiles: 8100
[INFO GPL-0081] TotalRouteOverflow: 3.1485
[INFO GPL-0082] OverflowTileCnt: 74
[INFO GPL-0083] 0.5%RC: 1.0661
[INFO GPL-0084] 1.0%RC: 1.0387
[INFO GPL-0085] 2.0%RC: 1.0066
[INFO GPL-0086] 5.0%RC: 0.9571
[INFO GPL-0087] FinalRC: 1.0523846
[INFO GPL-0078] FinalRC lower than minRC (1.0745), min RC updated.
[INFO GPL-0045] InflatedAreaDelta:     1223.183 um^2 (+0.56%)
[INFO GPL-0046] TargetDensity:            0.669
[INFO GPL-0049] WhiteSpaceArea:      382311.667 um^2
[INFO GPL-0050] NesterovInstsArea:   217208.900 um^2
[INFO GPL-0051] TotalFillerArea:      38453.819 um^2
[INFO GPL-0052] TotalGCellsArea:     255662.719 um^2
[INFO GPL-0053] ExpectedGCellsArea:  256885.902 um^2
[INFO GPL-0054] NewTargetDensity:         0.672
[INFO GPL-0055] NewWhiteSpaceArea:   382311.667 um^2
[INFO GPL-0056] MovableArea:         256885.899 um^2
[INFO GPL-0057] NewNesterovInstArea: 218432.083 um^2
[INFO GPL-0058] NewTotalFillerArea:   38453.817 um^2
[INFO GPL-0059] NewTotalGCellsArea:  256885.899 um^2
[NesterovSolve] Revert back to snapshot coordi
[NesterovSolve] Iter:  540 overflow: 0.599 HPWL: 449892006
[NesterovSolve] Iter:  550 overflow: 0.566 HPWL: 461217819
[NesterovSolve] Iter:  560 overflow: 0.537 HPWL: 465034506
[NesterovSolve] Iter:  570 overflow: 0.507 HPWL: 466194918
[NesterovSolve] Iter:  580 overflow: 0.477 HPWL: 467249130
[NesterovSolve] Iter:  590 overflow: 0.448 HPWL: 471150039
[NesterovSolve] Iter:  600 overflow: 0.416 HPWL: 473858921
[NesterovSolve] Iter:  610 overflow: 0.384 HPWL: 476124816
[NesterovSolve] Iter:  620 overflow: 0.354 HPWL: 478656383
[NesterovSolve] Iter:  630 overflow: 0.323 HPWL: 481139082
[INFO GPL-0075] Routability iteration: 4
[INFO GPL-0036] TileBBox: (    0    0 ) ( 6900 6900 ) DBU
[INFO GPL-0038] TileCnt:      90   90
[INFO GPL-0040] NumTiles: 8100
[INFO GPL-0081] TotalRouteOverflow: 1.9469
[INFO GPL-0082] OverflowTileCnt: 70
[INFO GPL-0083] 0.5%RC: 1.0421
[INFO GPL-0084] 1.0%RC: 1.0236
[INFO GPL-0085] 2.0%RC: 0.9995
[INFO GPL-0086] 5.0%RC: 0.9532
[INFO GPL-0087] FinalRC: 1.0328307
[INFO GPL-0078] FinalRC lower than minRC (1.0524), min RC updated.
[INFO GPL-0045] InflatedAreaDelta:      738.044 um^2 (+0.34%)
[INFO GPL-0046] TargetDensity:            0.672
[INFO GPL-0049] WhiteSpaceArea:      382311.667 um^2
[INFO GPL-0050] NesterovInstsArea:   218432.083 um^2
[INFO GPL-0051] TotalFillerArea:      38453.817 um^2
[INFO GPL-0052] TotalGCellsArea:     256885.899 um^2
[INFO GPL-0053] ExpectedGCellsArea:  257623.944 um^2
[INFO GPL-0054] NewTargetDensity:         0.674
[INFO GPL-0055] NewWhiteSpaceArea:   382311.667 um^2
[INFO GPL-0056] MovableArea:         257623.949 um^2
[INFO GPL-0057] NewNesterovInstArea: 219170.127 um^2
[INFO GPL-0058] NewTotalFillerArea:   38453.822 um^2
[INFO GPL-0059] NewTotalGCellsArea:  257623.949 um^2
[NesterovSolve] Revert back to snapshot coordi
[NesterovSolve] Iter:  640 overflow: 0.600 HPWL: 449919922
[NesterovSolve] Iter:  650 overflow: 0.565 HPWL: 461660014
[NesterovSolve] Iter:  660 overflow: 0.537 HPWL: 465660420
[NesterovSolve] Iter:  670 overflow: 0.507 HPWL: 466683954
[NesterovSolve] Iter:  680 overflow: 0.477 HPWL: 467847399
[NesterovSolve] Iter:  690 overflow: 0.448 HPWL: 471521814
[NesterovSolve] Iter:  700 overflow: 0.416 HPWL: 474460007
[NesterovSolve] Iter:  710 overflow: 0.383 HPWL: 476624682
[NesterovSolve] Iter:  720 overflow: 0.354 HPWL: 479149953
[NesterovSolve] Iter:  730 overflow: 0.323 HPWL: 481667035
[INFO GPL-0075] Routability iteration: 5
[INFO GPL-0036] TileBBox: (    0    0 ) ( 6900 6900 ) DBU
[INFO GPL-0038] TileCnt:      90   90
[INFO GPL-0040] NumTiles: 8100
[INFO GPL-0081] TotalRouteOverflow: 1.7194
[INFO GPL-0082] OverflowTileCnt: 68
[INFO GPL-0083] 0.5%RC: 1.0371
[INFO GPL-0084] 1.0%RC: 1.0206
[INFO GPL-0085] 2.0%RC: 0.9979
[INFO GPL-0086] 5.0%RC: 0.9520
[INFO GPL-0087] FinalRC: 1.028852
[INFO GPL-0078] FinalRC lower than minRC (1.0328), min RC updated.
[INFO GPL-0045] InflatedAreaDelta:      618.478 um^2 (+0.28%)
[INFO GPL-0046] TargetDensity:            0.674
[INFO GPL-0049] WhiteSpaceArea:      382311.667 um^2
[INFO GPL-0050] NesterovInstsArea:   219170.127 um^2
[INFO GPL-0051] TotalFillerArea:      38453.822 um^2
[INFO GPL-0052] TotalGCellsArea:     257623.949 um^2
[INFO GPL-0053] ExpectedGCellsArea:  258242.427 um^2
[INFO GPL-0054] NewTargetDensity:         0.675
[INFO GPL-0055] NewWhiteSpaceArea:   382311.667 um^2
[INFO GPL-0056] MovableArea:         258242.429 um^2
[INFO GPL-0057] NewNesterovInstArea: 219788.605 um^2
[INFO GPL-0058] NewTotalFillerArea:   38453.824 um^2
[INFO GPL-0059] NewTotalGCellsArea:  258242.429 um^2
[NesterovSolve] Revert back to snapshot coordi
[NesterovSolve] Iter:  740 overflow: 0.600 HPWL: 449945994
[NesterovSolve] Iter:  750 overflow: 0.565 HPWL: 462032073
[NesterovSolve] Iter:  760 overflow: 0.537 HPWL: 466048957
[NesterovSolve] Iter:  770 overflow: 0.507 HPWL: 467008602
[NesterovSolve] Iter:  780 overflow: 0.477 HPWL: 468169646
[NesterovSolve] Iter:  790 overflow: 0.447 HPWL: 471731207
[NesterovSolve] Iter:  800 overflow: 0.417 HPWL: 474771484
[NesterovSolve] Iter:  810 overflow: 0.383 HPWL: 477085835
[NesterovSolve] Iter:  820 overflow: 0.355 HPWL: 479595087
[NesterovSolve] Iter:  830 overflow: 0.323 HPWL: 482200212
[INFO GPL-0075] Routability iteration: 6
[INFO GPL-0036] TileBBox: (    0    0 ) ( 6900 6900 ) DBU
[INFO GPL-0038] TileCnt:      90   90
[INFO GPL-0040] NumTiles: 8100
[INFO GPL-0081] TotalRouteOverflow: 1.8934
[INFO GPL-0082] OverflowTileCnt: 67
[INFO GPL-0083] 0.5%RC: 1.0412
[INFO GPL-0084] 1.0%RC: 1.0226
[INFO GPL-0085] 2.0%RC: 0.9969
[INFO GPL-0086] 5.0%RC: 0.9502
[INFO GPL-0087] FinalRC: 1.031932
[INFO GPL-0079] MinRC (1.028852) violation occurred, total count: 1.
[INFO GPL-0045] InflatedAreaDelta:      598.815 um^2 (+0.27%)
[INFO GPL-0046] TargetDensity:            0.675
[INFO GPL-0049] WhiteSpaceArea:      382311.667 um^2
[INFO GPL-0050] NesterovInstsArea:   219788.605 um^2
[INFO GPL-0051] TotalFillerArea:      38453.824 um^2
[INFO GPL-0052] TotalGCellsArea:     258242.429 um^2
[INFO GPL-0053] ExpectedGCellsArea:  258841.244 um^2
[INFO GPL-0054] NewTargetDensity:         0.677
[INFO GPL-0055] NewWhiteSpaceArea:   382311.667 um^2
[INFO GPL-0056] MovableArea:         258841.231 um^2
[INFO GPL-0057] NewNesterovInstArea: 220387.420 um^2
[INFO GPL-0058] NewTotalFillerArea:   38453.812 um^2
[INFO GPL-0059] NewTotalGCellsArea:  258841.231 um^2
[NesterovSolve] Revert back to snapshot coordi
[NesterovSolve] Iter:  840 overflow: 0.600 HPWL: 449965812
[NesterovSolve] Iter:  850 overflow: 0.565 HPWL: 462380125
[NesterovSolve] Iter:  860 overflow: 0.537 HPWL: 466402404
[NesterovSolve] Iter:  870 overflow: 0.507 HPWL: 467413105
[NesterovSolve] Iter:  880 overflow: 0.477 HPWL: 468436312
[NesterovSolve] Iter:  890 overflow: 0.446 HPWL: 472010095
[NesterovSolve] Iter:  900 overflow: 0.416 HPWL: 475112901
[NesterovSolve] Iter:  910 overflow: 0.382 HPWL: 477403843
[NesterovSolve] Iter:  920 overflow: 0.354 HPWL: 479913224
[NesterovSolve] Iter:  930 overflow: 0.323 HPWL: 482449233
[INFO GPL-0075] Routability iteration: 7
[INFO GPL-0036] TileBBox: (    0    0 ) ( 6900 6900 ) DBU
[INFO GPL-0038] TileCnt:      90   90
[INFO GPL-0040] NumTiles: 8100
[INFO GPL-0081] TotalRouteOverflow: 2.3369
[INFO GPL-0082] OverflowTileCnt: 61
[INFO GPL-0083] 0.5%RC: 1.0499
[INFO GPL-0084] 1.0%RC: 1.0273
[INFO GPL-0085] 2.0%RC: 0.9995
[INFO GPL-0086] 5.0%RC: 0.9510
[INFO GPL-0087] FinalRC: 1.038593
[INFO GPL-0079] MinRC (1.028852) violation occurred, total count: 2.
[INFO GPL-0045] InflatedAreaDelta:      818.344 um^2 (+0.37%)
[INFO GPL-0046] TargetDensity:            0.677
[INFO GPL-0049] WhiteSpaceArea:      382311.667 um^2
[INFO GPL-0050] NesterovInstsArea:   220387.420 um^2
[INFO GPL-0051] TotalFillerArea:      38453.812 um^2
[INFO GPL-0052] TotalGCellsArea:     258841.231 um^2
[INFO GPL-0053] ExpectedGCellsArea:  259659.576 um^2
[INFO GPL-0054] NewTargetDensity:         0.679
[INFO GPL-0055] NewWhiteSpaceArea:   382311.667 um^2
[INFO GPL-0056] MovableArea:         259659.579 um^2
[INFO GPL-0057] NewNesterovInstArea: 221205.764 um^2
[INFO GPL-0058] NewTotalFillerArea:   38453.816 um^2
[INFO GPL-0059] NewTotalGCellsArea:  259659.579 um^2
[NesterovSolve] Revert back to snapshot coordi
[NesterovSolve] Iter:  940 overflow: 0.598 HPWL: 452090759
[NesterovSolve] Iter:  950 overflow: 0.561 HPWL: 463549475
[NesterovSolve] Iter:  960 overflow: 0.533 HPWL: 467387202
[NesterovSolve] Iter:  970 overflow: 0.503 HPWL: 468251613
[NesterovSolve] Iter:  980 overflow: 0.475 HPWL: 469188744
[NesterovSolve] Iter:  990 overflow: 0.443 HPWL: 472890798
[NesterovSolve] Iter: 1000 overflow: 0.412 HPWL: 476070224
[NesterovSolve] Iter: 1010 overflow: 0.380 HPWL: 478314853
[NesterovSolve] Iter: 1020 overflow: 0.351 HPWL: 480975167
[NesterovSolve] Iter: 1030 overflow: 0.320 HPWL: 483251369
[INFO GPL-0075] Routability iteration: 8
[INFO GPL-0036] TileBBox: (    0    0 ) ( 6900 6900 ) DBU
[INFO GPL-0038] TileCnt:      90   90
[INFO GPL-0040] NumTiles: 8100
[INFO GPL-0081] TotalRouteOverflow: 1.2671
[INFO GPL-0082] OverflowTileCnt: 46
[INFO GPL-0083] 0.5%RC: 1.0305
[INFO GPL-0084] 1.0%RC: 1.0120
[INFO GPL-0085] 2.0%RC: 0.9883
[INFO GPL-0086] 5.0%RC: 0.9451
[INFO GPL-0087] FinalRC: 1.0212789
[INFO GPL-0078] FinalRC lower than minRC (1.0289), min RC updated.
[INFO GPL-0045] InflatedAreaDelta:      391.585 um^2 (+0.18%)
[INFO GPL-0046] TargetDensity:            0.679
[INFO GPL-0049] WhiteSpaceArea:      382311.667 um^2
[INFO GPL-0050] NesterovInstsArea:   221205.764 um^2
[INFO GPL-0051] TotalFillerArea:      38453.816 um^2
[INFO GPL-0052] TotalGCellsArea:     259659.579 um^2
[INFO GPL-0053] ExpectedGCellsArea:  260051.164 um^2
[INFO GPL-0054] NewTargetDensity:         0.680
[INFO GPL-0055] NewWhiteSpaceArea:   382311.667 um^2
[INFO GPL-0056] MovableArea:         260051.157 um^2
[INFO GPL-0057] NewNesterovInstArea: 221597.349 um^2
[INFO GPL-0058] NewTotalFillerArea:   38453.808 um^2
[INFO GPL-0059] NewTotalGCellsArea:  260051.157 um^2
[NesterovSolve] Revert back to snapshot coordi
[NesterovSolve] Iter: 1040 overflow: 0.598 HPWL: 452157526
[NesterovSolve] Iter: 1050 overflow: 0.561 HPWL: 463775192
[NesterovSolve] Iter: 1060 overflow: 0.534 HPWL: 467665095
[NesterovSolve] Iter: 1070 overflow: 0.503 HPWL: 468536581
[NesterovSolve] Iter: 1080 overflow: 0.475 HPWL: 469399295
[NesterovSolve] Iter: 1090 overflow: 0.443 HPWL: 473131653
[NesterovSolve] Iter: 1100 overflow: 0.412 HPWL: 476216175
[NesterovSolve] Iter: 1110 overflow: 0.380 HPWL: 478591066
[NesterovSolve] Iter: 1120 overflow: 0.351 HPWL: 481237485
[NesterovSolve] Iter: 1130 overflow: 0.319 HPWL: 483628894
[INFO GPL-0075] Routability iteration: 9
[INFO GPL-0036] TileBBox: (    0    0 ) ( 6900 6900 ) DBU
[INFO GPL-0038] TileCnt:      90   90
[INFO GPL-0040] NumTiles: 8100
[INFO GPL-0081] TotalRouteOverflow: 1.5391
[INFO GPL-0082] OverflowTileCnt: 56
[INFO GPL-0083] 0.5%RC: 1.0363
[INFO GPL-0084] 1.0%RC: 1.0170
[INFO GPL-0085] 2.0%RC: 0.9917
[INFO GPL-0086] 5.0%RC: 0.9458
[INFO GPL-0087] FinalRC: 1.0266554
[INFO GPL-0079] MinRC (1.0212789) violation occurred, total count: 1.
[INFO GPL-0045] InflatedAreaDelta:      429.208 um^2 (+0.19%)
[INFO GPL-0046] TargetDensity:            0.680
[INFO GPL-0049] WhiteSpaceArea:      382311.667 um^2
[INFO GPL-0050] NesterovInstsArea:   221597.349 um^2
[INFO GPL-0051] TotalFillerArea:      38453.808 um^2
[INFO GPL-0052] TotalGCellsArea:     260051.157 um^2
[INFO GPL-0053] ExpectedGCellsArea:  260480.365 um^2
[INFO GPL-0054] NewTargetDensity:         0.681
[INFO GPL-0055] NewWhiteSpaceArea:   382311.667 um^2
[INFO GPL-0056] MovableArea:         260480.369 um^2
[INFO GPL-0057] NewNesterovInstArea: 222026.557 um^2
[INFO GPL-0058] NewTotalFillerArea:   38453.812 um^2
[INFO GPL-0059] NewTotalGCellsArea:  260480.369 um^2
[NesterovSolve] Revert back to snapshot coordi
[NesterovSolve] Iter: 1140 overflow: 0.598 HPWL: 452218827
[NesterovSolve] Iter: 1150 overflow: 0.561 HPWL: 463947169
[NesterovSolve] Iter: 1160 overflow: 0.534 HPWL: 467917211
[NesterovSolve] Iter: 1170 overflow: 0.503 HPWL: 468785863
[NesterovSolve] Iter: 1180 overflow: 0.474 HPWL: 469615935
[NesterovSolve] Iter: 1190 overflow: 0.443 HPWL: 473335678
[NesterovSolve] Iter: 1200 overflow: 0.411 HPWL: 476468815
[NesterovSolve] Iter: 1210 overflow: 0.381 HPWL: 478795511
[NesterovSolve] Iter: 1220 overflow: 0.351 HPWL: 481355070
[NesterovSolve] Iter: 1230 overflow: 0.319 HPWL: 483982575
[INFO GPL-0075] Routability iteration: 10
[INFO GPL-0036] TileBBox: (    0    0 ) ( 6900 6900 ) DBU
[INFO GPL-0038] TileCnt:      90   90
[INFO GPL-0040] NumTiles: 8100
[INFO GPL-0081] TotalRouteOverflow: 1.5534
[INFO GPL-0082] OverflowTileCnt: 53
[INFO GPL-0083] 0.5%RC: 1.0367
[INFO GPL-0084] 1.0%RC: 1.0168
[INFO GPL-0085] 2.0%RC: 0.9898
[INFO GPL-0086] 5.0%RC: 0.9443
[INFO GPL-0087] FinalRC: 1.026755
[INFO GPL-0079] MinRC (1.0212789) violation occurred, total count: 2.
[INFO GPL-0045] InflatedAreaDelta:      452.903 um^2 (+0.20%)
[INFO GPL-0046] TargetDensity:            0.681
[INFO GPL-0049] WhiteSpaceArea:      382311.667 um^2
[INFO GPL-0050] NesterovInstsArea:   222026.557 um^2
[INFO GPL-0051] TotalFillerArea:      38453.812 um^2
[INFO GPL-0052] TotalGCellsArea:     260480.369 um^2
[INFO GPL-0053] ExpectedGCellsArea:  260933.272 um^2
[INFO GPL-0054] NewTargetDensity:         0.683
[INFO GPL-0055] NewWhiteSpaceArea:   382311.667 um^2
[INFO GPL-0056] MovableArea:         260933.272 um^2
[INFO GPL-0057] NewNesterovInstArea: 222479.460 um^2
[INFO GPL-0058] NewTotalFillerArea:   38453.812 um^2
[INFO GPL-0059] NewTotalGCellsArea:  260933.272 um^2
[NesterovSolve] Revert back to snapshot coordi
[NesterovSolve] Iter: 1240 overflow: 0.598 HPWL: 452286873
[NesterovSolve] Iter: 1250 overflow: 0.561 HPWL: 464171525
[NesterovSolve] Iter: 1260 overflow: 0.534 HPWL: 468230158
[NesterovSolve] Iter: 1270 overflow: 0.502 HPWL: 469074797
[NesterovSolve] Iter: 1280 overflow: 0.474 HPWL: 469797555
[NesterovSolve] Iter: 1290 overflow: 0.443 HPWL: 473505951
[NesterovSolve] Iter: 1300 overflow: 0.411 HPWL: 476681351
[NesterovSolve] Iter: 1310 overflow: 0.381 HPWL: 479029693
[NesterovSolve] Iter: 1320 overflow: 0.350 HPWL: 481783732
[NesterovSolve] Iter: 1330 overflow: 0.320 HPWL: 484225774
[INFO GPL-0075] Routability iteration: 11
[INFO GPL-0036] TileBBox: (    0    0 ) ( 6900 6900 ) DBU
[INFO GPL-0038] TileCnt:      90   90
[INFO GPL-0040] NumTiles: 8100
[INFO GPL-0081] TotalRouteOverflow: 1.5141
[INFO GPL-0082] OverflowTileCnt: 52
[INFO GPL-0083] 0.5%RC: 1.0358
[INFO GPL-0084] 1.0%RC: 1.0151
[INFO GPL-0085] 2.0%RC: 0.9907
[INFO GPL-0086] 5.0%RC: 0.9455
[INFO GPL-0087] FinalRC: 1.0254213
[INFO GPL-0079] MinRC (1.0212789) violation occurred, total count: 3.
[INFO GPL-0045] InflatedAreaDelta:      320.377 um^2 (+0.14%)
[INFO GPL-0046] TargetDensity:            0.683
Revert Routability Procedure. Target density higher than max, or minRC max violations.
[INFO GPL-0080] minRcViolatedCnt: 3
[INFO GPL-0047] SavedMinRC: 1.0213
[INFO GPL-0048] SavedTargetDensity: 0.6792
[NesterovSolve] Revert back to snapshot coordi
[NesterovSolve] Iter: 1340 overflow: 0.595 HPWL: 451964797
[NesterovSolve] Iter: 1350 overflow: 0.560 HPWL: 462900074
[NesterovSolve] Iter: 1360 overflow: 0.531 HPWL: 466888663
[NesterovSolve] Iter: 1370 overflow: 0.501 HPWL: 467785122
[NesterovSolve] Iter: 1380 overflow: 0.473 HPWL: 468812725
[NesterovSolve] Iter: 1390 overflow: 0.441 HPWL: 472530756
[NesterovSolve] Iter: 1400 overflow: 0.411 HPWL: 475838773
[NesterovSolve] Iter: 1410 overflow: 0.379 HPWL: 478043208
[NesterovSolve] Iter: 1420 overflow: 0.349 HPWL: 480741545
[NesterovSolve] Iter: 1430 overflow: 0.319 HPWL: 483096131
[NesterovSolve] Iter: 1440 overflow: 0.289 HPWL: 485340768
[INFO GPL-0100] Timing-driven iteration 4/6, virtual: false.
[INFO GPL-0101] Iter: 1441, overflow: 0.282, keep rsz at: 0.3
[INFO GPL-0106] Timing-driven: worst slack -4.44e-09
[INFO GPL-0103] Timing-driven: weighted 1649 nets.
[INFO GPL-0107] Timing-driven: repair_design delta area: 32309.434 um^2 (+14.52%)
[INFO GPL-0108] Timing-driven: new target density: 0.76702523
[NesterovSolve] Iter: 1450 overflow: 0.253 HPWL: 534293059
[NesterovSolve] Iter: 1460 overflow: 0.222 HPWL: 522962319
[INFO GPL-0100] Timing-driven iteration 5/6, virtual: false.
[INFO GPL-0101] Iter: 1465, overflow: 0.205, keep rsz at: 0.3
[INFO GPL-0106] Timing-driven: worst slack -4.36e-09
[INFO GPL-0103] Timing-driven: weighted 1649 nets.
[INFO GPL-0107] Timing-driven: repair_design delta area: -731.993 um^2 (-0.29%)
[INFO GPL-0108] Timing-driven: new target density: 0.76511055
[NesterovSolve] Iter: 1470 overflow: 0.196 HPWL: 519479860
[NesterovSolve] Iter: 1480 overflow: 0.171 HPWL: 517333894
[NesterovSolve] Iter: 1490 overflow: 0.148 HPWL: 516822177
[INFO GPL-0100] Timing-driven iteration 6/6, virtual: false.
[INFO GPL-0101] Iter: 1491, overflow: 0.143, keep rsz at: 0.3
[INFO GPL-0106] Timing-driven: worst slack -4.16e-09
[INFO GPL-0103] Timing-driven: weighted 1649 nets.
[INFO GPL-0107] Timing-driven: repair_design delta area: -290.757 um^2 (-0.12%)
[INFO GPL-0108] Timing-driven: new target density: 0.76435006
[NesterovSolve] Iter: 1500 overflow: 0.126 HPWL: 517417003
[NesterovSolve] Iter: 1510 overflow: 0.108 HPWL: 517929622
[NesterovSolve] Finished with Overflow: 0.099932
Report metrics stage 3, global place...

==========================================================================
global place report_design_area
--------------------------------------------------------------------------
Design area 251266 u^2 65% utilization.
Elapsed time: 0:57.76[h:]min:sec. CPU time: user 251.00 sys 0.38 (435%). Peak memory: 859812KB.
