OpenROAD v2.0-17941-g7fb347f37 
Features included (+) or not (-): +GPU +GUI +Python
This program is licensed under the BSD-3 license. See the LICENSE file for details.
Components of this program may be licensed under more restrictive licenses which must be honored.
[INFO ORD-0030] Using 12 thread(s).
Perform port buffering...
[INFO RSZ-0027] Inserted 513 input buffers.
[INFO RSZ-0028] Inserted 257 output buffers.
Perform buffer insertion and gate resizing...
repair_design 
[INFO RSZ-0058] Using max wire length 2154um.
[INFO RSZ-0039] Resized 1060 instances.
Repair tie lo fanout...
Repair tie hi fanout...
Floating nets: 
Report metrics stage 3, resizer...

==========================================================================
resizer report_design_area
--------------------------------------------------------------------------
Design area 255051 u^2 66% utilization.
Instance count before 20648, after 21418
Pin count before 65313, after 66853
Elapsed time: 0:14.54[h:]min:sec. CPU time: user 11.08 sys 1.08 (83%). Peak memory: 701936KB.
