OpenROAD v2.0-17941-g7fb347f37 
Features included (+) or not (-): +GPU +GUI +Python
This program is licensed under the BSD-3 license. See the LICENSE file for details.
Components of this program may be licensed under more restrictive licenses which must be honored.
[INFO ORD-0030] Using 12 thread(s).
[INFO GPL-0002] DBU: 1000
[INFO GPL-0003] SiteSize: (  0.460  2.720 ) um
[INFO GPL-0004] CoreBBox: (  1.380  2.720 ) ( 691.840 690.880 ) um
[INFO GPL-0006] NumInstances:             21594
[INFO GPL-0007] NumPlaceInstances:        15219
[INFO GPL-0008] NumFixedInstances:         6375
[INFO GPL-0009] NumDummyInstances:            0
[INFO GPL-0010] NumNets:                  16495
[INFO GPL-0011] NumPins:                  65620
[INFO GPL-0012] DieBBox:  (  0.000  0.000 ) ( 692.885 692.885 ) um
[INFO GPL-0013] CoreBBox: (  1.380  2.720 ) ( 691.840 690.880 ) um
[INFO GPL-0016] CoreArea:            475146.954 um^2
[INFO GPL-0017] NonPlaceInstsArea:     7976.400 um^2
[INFO GPL-0018] PlaceInstsArea:      209158.099 um^2
[INFO GPL-0019] Util:                    44.771 %
[INFO GPL-0020] StdInstsArea:        209158.099 um^2
[INFO GPL-0021] MacroInstsArea:           0.000 um^2
[INFO GPL-0031] FillerInit:NumGCells:     34487
[INFO GPL-0032] FillerInit:NumGNets:      16495
[INFO GPL-0033] FillerInit:NumGPins:      65620
[INFO GPL-0023] TargetDensity:            1.000
[INFO GPL-0024] AvrgPlaceInstArea:       13.743 um^2
[INFO GPL-0025] IdealBinArea:            13.743 um^2
[INFO GPL-0026] IdealBinCnt:              34573
[INFO GPL-0027] TotalBinArea:        475146.954 um^2
[INFO GPL-0028] BinCnt:       128    128
[INFO GPL-0029] BinSize: (  5.395  5.377 )
[INFO GPL-0030] NumBins: 16384
Placement density is 0.5681699848175049, computed from PLACE_DENSITY_LB_ADDON 0.2 and lower bound 0.4477124810218811
global_placement -skip_io -density 0.5681699848175049 -pad_left 0 -pad_right 0
[INFO GPL-0002] DBU: 1000
[INFO GPL-0003] SiteSize: (  0.460  2.720 ) um
[INFO GPL-0004] CoreBBox: (  1.380  2.720 ) ( 691.840 690.880 ) um
[INFO GPL-0006] NumInstances:             21594
[INFO GPL-0007] NumPlaceInstances:        15219
[INFO GPL-0008] NumFixedInstances:         6375
[INFO GPL-0009] NumDummyInstances:            0
[INFO GPL-0010] NumNets:                  16495
[INFO GPL-0011] NumPins:                  64849
[INFO GPL-0012] DieBBox:  (  0.000  0.000 ) ( 692.885 692.885 ) um
[INFO GPL-0013] CoreBBox: (  1.380  2.720 ) ( 691.840 690.880 ) um
[INFO GPL-0016] CoreArea:            475146.954 um^2
[INFO GPL-0017] NonPlaceInstsArea:     7976.400 um^2
[INFO GPL-0018] PlaceInstsArea:      209158.099 um^2
[INFO GPL-0019] Util:                    44.771 %
[INFO GPL-0020] StdInstsArea:        209158.099 um^2
[INFO GPL-0021] MacroInstsArea:           0.000 um^2
[INFO GPL-0031] FillerInit:NumGCells:     19421
[INFO GPL-0032] FillerInit:NumGNets:      16495
[INFO GPL-0033] FillerInit:NumGPins:      64849
[INFO GPL-0023] TargetDensity:            0.568
[INFO GPL-0024] AvrgPlaceInstArea:       13.743 um^2
[INFO GPL-0025] IdealBinArea:            24.189 um^2
[INFO GPL-0026] IdealBinCnt:              19643
[INFO GPL-0027] TotalBinArea:        475146.954 um^2
[INFO GPL-0028] BinCnt:       128    128
[INFO GPL-0029] BinSize: (  5.395  5.377 )
[INFO GPL-0030] NumBins: 16384
[NesterovSolve] Iter:    1 overflow: 0.999 HPWL: 54463509
[NesterovSolve] Iter:   10 overflow: 0.999 HPWL: 24857869
[NesterovSolve] Iter:   20 overflow: 0.999 HPWL: 22695918
[NesterovSolve] Iter:   30 overflow: 0.999 HPWL: 22579521
[NesterovSolve] Iter:   40 overflow: 0.999 HPWL: 22294144
[NesterovSolve] Iter:   50 overflow: 0.999 HPWL: 22169767
[NesterovSolve] Iter:   60 overflow: 0.999 HPWL: 22027879
[NesterovSolve] Iter:   70 overflow: 0.999 HPWL: 21910100
[NesterovSolve] Iter:   80 overflow: 0.999 HPWL: 21789610
[NesterovSolve] Iter:   90 overflow: 0.999 HPWL: 21682531
[NesterovSolve] Iter:  100 overflow: 0.998 HPWL: 21647099
[NesterovSolve] Iter:  110 overflow: 0.998 HPWL: 21895392
[NesterovSolve] Iter:  120 overflow: 0.998 HPWL: 22556425
[NesterovSolve] Iter:  130 overflow: 0.998 HPWL: 24008755
[NesterovSolve] Iter:  140 overflow: 0.997 HPWL: 27436706
[NesterovSolve] Iter:  150 overflow: 0.996 HPWL: 35453058
[NesterovSolve] Iter:  160 overflow: 0.992 HPWL: 49256004
[NesterovSolve] Iter:  170 overflow: 0.987 HPWL: 65937193
[NesterovSolve] Iter:  180 overflow: 0.981 HPWL: 81998384
[NesterovSolve] Iter:  190 overflow: 0.972 HPWL: 102923620
[NesterovSolve] Iter:  200 overflow: 0.957 HPWL: 127201170
[NesterovSolve] Iter:  210 overflow: 0.938 HPWL: 148153559
[NesterovSolve] Iter:  220 overflow: 0.917 HPWL: 169639819
[NesterovSolve] Iter:  230 overflow: 0.892 HPWL: 196752939
[NesterovSolve] Iter:  240 overflow: 0.862 HPWL: 230278312
[NesterovSolve] Iter:  250 overflow: 0.827 HPWL: 266137033
[NesterovSolve] Iter:  260 overflow: 0.790 HPWL: 297900483
[NesterovSolve] Iter:  270 overflow: 0.750 HPWL: 325230181
[NesterovSolve] Iter:  280 overflow: 0.706 HPWL: 348296821
[NesterovSolve] Iter:  290 overflow: 0.664 HPWL: 366115333
[NesterovSolve] Iter:  300 overflow: 0.626 HPWL: 385792524
[NesterovSolve] Iter:  310 overflow: 0.584 HPWL: 407081362
[NesterovSolve] Iter:  320 overflow: 0.544 HPWL: 415288610
[NesterovSolve] Iter:  330 overflow: 0.499 HPWL: 419889025
[NesterovSolve] Iter:  340 overflow: 0.457 HPWL: 427790721
[NesterovSolve] Iter:  350 overflow: 0.415 HPWL: 432511166
[NesterovSolve] Iter:  360 overflow: 0.371 HPWL: 434310749
[NesterovSolve] Iter:  370 overflow: 0.332 HPWL: 437392392
[NesterovSolve] Iter:  380 overflow: 0.304 HPWL: 439253544
[NesterovSolve] Iter:  390 overflow: 0.274 HPWL: 441502838
[NesterovSolve] Iter:  400 overflow: 0.249 HPWL: 443826795
[NesterovSolve] Iter:  410 overflow: 0.225 HPWL: 445903180
[NesterovSolve] Iter:  420 overflow: 0.198 HPWL: 447638750
[NesterovSolve] Iter:  430 overflow: 0.170 HPWL: 449522712
[NesterovSolve] Iter:  440 overflow: 0.144 HPWL: 451367595
[NesterovSolve] Iter:  450 overflow: 0.120 HPWL: 453302796
[NesterovSolve] Iter:  460 overflow: 0.103 HPWL: 455432602
[NesterovSolve] Finished with Overflow: 0.099425
Elapsed time: 0:05.03[h:]min:sec. CPU time: user 58.26 sys 0.06 (1158%). Peak memory: 194300KB.
