OpenROAD v2.0-17941-g7fb347f37 
Features included (+) or not (-): +GPU +GUI +Python
This program is licensed under the BSD-3 license. See the LICENSE file for details.
Components of this program may be licensed under more restrictive licenses which must be honored.
[INFO ORD-0030] Using 12 thread(s).
Deleted 0 routing obstructions
[INFO RCX-0431] Defined process_corner X with ext_model_index 0
[INFO RCX-0029] Defined extraction corner X
[INFO RCX-0435] Reading extraction model file /home/abhinith/OpenROAD-flow-scripts/flow/platforms/sky130hd/rcx_patterns.rules ...
[INFO RCX-0436] RC segment generation shapipe (max_merge_res 50.0) ...
[INFO RCX-0040] Final 95258 rc segments
[INFO RCX-0439] Coupling Cap extraction shapipe ...
[INFO RCX-0440] Coupling threshhold is 0.1000 fF, coupling capacitance less than 0.1000 fF will be grounded.
[INFO RCX-0442] 54% of 205539 wires extracted
[INFO RCX-0442] 100% of 205539 wires extracted
[INFO RCX-0045] Extract 18491 nets, 113727 rsegs, 113727 caps, 235612 ccs
[INFO RCX-0443] 18491 nets finished
[INFO PSM-0040] All shapes on net VDD are connected.
[INFO PSM-0073] Using bump pattern with x-pitch 140.0000um, y-pitch 140.0000um, and size 70.0000um with an reduction factor of 3x.
########## IR report #################
Net              : VDD
Corner           : default
Supply voltage   : 1.80e+00 V
Worstcase voltage: 1.73e+00 V
Average voltage  : 1.79e+00 V
Average IR drop  : 8.98e-03 V
Worstcase IR drop: 7.08e-02 V
Percentage drop  : 3.93 %
######################################
[INFO PSM-0040] All shapes on net VSS are connected.
[INFO PSM-0073] Using bump pattern with x-pitch 140.0000um, y-pitch 140.0000um, and size 70.0000um with an reduction factor of 3x.
########## IR report #################
Net              : VSS
Corner           : default
Supply voltage   : 0.00e+00 V
Worstcase voltage: 7.34e-02 V
Average voltage  : 1.08e-02 V
Average IR drop  : 1.08e-02 V
Worstcase IR drop: 7.34e-02 V
Percentage drop  : 4.08 %
######################################
Cell type report:                       Count       Area
  Antenna cell                            150     375.36
  Clock buffer                            426    9250.12
  Timing Repair Buffer                   1605   18584.07
  Inverter                                658    2683.82
  Clock inverter                          201    2297.20
  Sequential cell                        2787   79271.03
  Multi-Input combinational cell        11824  161164.57
  Total                                 17651  273626.18
Report metrics stage 6, finish...

==========================================================================
finish report_design_area
--------------------------------------------------------------------------
Design area 283051 u^2 50% utilization.
[WARNING GUI-0076] QStandardPaths: wrong permissions on runtime directory /run/user/1000/, 0755 instead of 0700
Elapsed time: 0:53.56[h:]min:sec. CPU time: user 50.37 sys 0.80 (95%). Peak memory: 725156KB.
