OpenROAD v2.0-17941-g7fb347f37 
Features included (+) or not (-): +GPU +GUI +Python
This program is licensed under the BSD-3 license. See the LICENSE file for details.
Components of this program may be licensed under more restrictive licenses which must be honored.
[INFO ORD-0030] Using 12 thread(s).
Placement Analysis
---------------------------------
total displacement      54492.0 u
average displacement        2.5 u
max displacement           33.0 u
original HPWL          593672.8 u
legalized HPWL         652497.6 u
delta HPWL                   10 %

Detailed placement improvement.
Importing netlist into detailed improver.
[INFO DPO-0100] Creating network with 21651 cells, 771 terminals, 17499 edges, 67628 pins, and 0 blockages.
[INFO DPO-0109] Network stats: inst 22422, edges 17499, pins 67628
[INFO DPO-0110] Number of regions is 1
[INFO DPO-0401] Setting random seed to 1.
[INFO DPO-0402] Setting maximum displacement 5 1 to 13600 2720 units.
[INFO DPO-0320] Collected 6199 fixed cells.
[INFO DPO-0318] Collected 16223 single height cells.
[INFO DPO-0321] Collected 0 wide cells.
[INFO DPO-0322] Image (1380, 2720) - (640320, 639200)
[INFO DPO-0310] Assigned 16223 cells into segments.  Movement in X-direction is 0.000000, movement in Y-direction is 0.000000.
[INFO DPO-0313] Found 0 cells in wrong regions.
[INFO DPO-0315] Found 0 row alignment problems.
[INFO DPO-0314] Found 0 site alignment problems.
[INFO DPO-0311] Found 0 overlaps between adjacent cells.
[INFO DPO-0312] Found 0 edge spacing violations and 0 padding violations.
[INFO DPO-0303] Running algorithm for independent set matching.
[INFO DPO-0300] Set matching objective is wirelength.
[INFO DPO-0301] Pass   1 of matching; objective is 6.528407e+08.
[INFO DPO-0302] End of matching; objective is 6.517694e+08, improvement is 0.16 percent.
[INFO DPO-0303] Running algorithm for global swaps.
[INFO DPO-0306] Pass   1 of global swaps; hpwl is 6.439692e+08.
[INFO DPO-0306] Pass   2 of global swaps; hpwl is 6.427330e+08.
[INFO DPO-0307] End of global swaps; objective is 6.427330e+08, improvement is 1.39 percent.
[INFO DPO-0303] Running algorithm for vertical swaps.
[INFO DPO-0308] Pass   1 of vertical swaps; hpwl is 6.410715e+08.
[INFO DPO-0309] End of vertical swaps; objective is 6.410715e+08, improvement is 0.26 percent.
[INFO DPO-0303] Running algorithm for reordering.
[INFO DPO-0304] Pass   1 of reordering; objective is 6.400507e+08.
[INFO DPO-0305] End of reordering; objective is 6.400507e+08, improvement is 0.16 percent.
[INFO DPO-0303] Running algorithm for random improvement.
[INFO DPO-0324] Random improver is using displacement generator.
[INFO DPO-0325] Random improver is using hpwl objective.
[INFO DPO-0326] Random improver cost string is (a).
[INFO DPO-0332] End of pass, Generator displacement called 324460 times.
[INFO DPO-0335] Generator displacement, Cumulative attempts 324460, swaps 56149, moves 46951 since last reset.
[INFO DPO-0333] End of pass, Objective hpwl, Initial cost 6.382063e+08, Scratch cost 6.316838e+08, Incremental cost 6.316838e+08, Mismatch? N
[INFO DPO-0338] End of pass, Total cost is 6.316838e+08.
[INFO DPO-0327] Pass   1 of random improver; improvement in cost is 1.02 percent.
[INFO DPO-0332] End of pass, Generator displacement called 324460 times.
[INFO DPO-0335] Generator displacement, Cumulative attempts 648920, swaps 110126, moves 93871 since last reset.
[INFO DPO-0333] End of pass, Objective hpwl, Initial cost 6.316838e+08, Scratch cost 6.293303e+08, Incremental cost 6.293303e+08, Mismatch? N
[INFO DPO-0338] End of pass, Total cost is 6.293303e+08.
[INFO DPO-0327] Pass   2 of random improver; improvement in cost is 0.37 percent.
[INFO DPO-0328] End of random improver; improvement is 1.390770 percent.
[INFO DPO-0380] Cell flipping.
[INFO DPO-0382] Changed 8157 cell orientations for row compatibility.
[INFO DPO-0383] Performed 5139 cell flips.
[INFO DPO-0384] End of flipping; objective is 6.215074e+08, improvement is 1.53 percent.
[INFO DPO-0313] Found 0 cells in wrong regions.
[INFO DPO-0315] Found 0 row alignment problems.
[INFO DPO-0314] Found 0 site alignment problems.
[INFO DPO-0311] Found 0 overlaps between adjacent cells.
[INFO DPO-0312] Found 0 edge spacing violations and 0 padding violations.
Detailed Improvement Results
------------------------------------------
Original HPWL           652497.6 u
Final HPWL              619459.7 u
Delta HPWL                  -5.1 %

[INFO DPL-0020] Mirrored 733 instances
[INFO DPL-0021] HPWL before          619459.7 u
[INFO DPL-0022] HPWL after           618841.9 u
[INFO DPL-0023] HPWL delta               -0.1 %
[INFO FLW-0012] Placement violations .
Report metrics stage 3, detailed place...

==========================================================================
detailed place report_design_area
--------------------------------------------------------------------------
Design area 255659 u^2 63% utilization.
Elapsed time: 0:12.80[h:]min:sec. CPU time: user 14.07 sys 0.13 (110%). Peak memory: 265196KB.
