OpenROAD v2.0-17941-g7fb347f37 
Features included (+) or not (-): +GPU +GUI +Python
This program is licensed under the BSD-3 license. See the LICENSE file for details.
Components of this program may be licensed under more restrictive licenses which must be honored.
[INFO ORD-0030] Using 12 thread(s).
Deleted 0 routing obstructions
[INFO RCX-0431] Defined process_corner X with ext_model_index 0
[INFO RCX-0029] Defined extraction corner X
[INFO RCX-0435] Reading extraction model file /home/abhinith/OpenROAD-flow-scripts/flow/platforms/sky130hd/rcx_patterns.rules ...
[INFO RCX-0436] RC segment generation shapipe (max_merge_res 50.0) ...
[INFO RCX-0040] Final 92966 rc segments
[INFO RCX-0439] Coupling Cap extraction shapipe ...
[INFO RCX-0440] Coupling threshhold is 0.1000 fF, coupling capacitance less than 0.1000 fF will be grounded.
[INFO RCX-0442] 53% of 214268 wires extracted
[INFO RCX-0442] 100% of 214268 wires extracted
[INFO RCX-0045] Extract 18412 nets, 111356 rsegs, 111356 caps, 255418 ccs
[INFO RCX-0443] 18412 nets finished
[INFO PSM-0040] All shapes on net VDD are connected.
[INFO PSM-0073] Using bump pattern with x-pitch 140.0000um, y-pitch 140.0000um, and size 70.0000um with an reduction factor of 3x.
########## IR report #################
Net              : VDD
Corner           : default
Supply voltage   : 1.80e+00 V
Worstcase voltage: 1.77e+00 V
Average voltage  : 1.80e+00 V
Average IR drop  : 4.78e-03 V
Worstcase IR drop: 3.40e-02 V
Percentage drop  : 1.89 %
######################################
[INFO PSM-0040] All shapes on net VSS are connected.
[INFO PSM-0073] Using bump pattern with x-pitch 140.0000um, y-pitch 140.0000um, and size 70.0000um with an reduction factor of 3x.
########## IR report #################
Net              : VSS
Corner           : default
Supply voltage   : 0.00e+00 V
Worstcase voltage: 4.30e-02 V
Average voltage  : 5.88e-03 V
Average IR drop  : 5.88e-03 V
Worstcase IR drop: 4.30e-02 V
Percentage drop  : 2.39 %
######################################
Cell type report:                       Count       Area
  Antenna cell                            139     347.83
  Clock buffer                            425    8989.87
  Timing Repair Buffer                   1539   16894.95
  Inverter                                658    2687.58
  Clock inverter                          177    1717.90
  Sequential cell                        2787   79268.52
  Multi-Input combinational cell        11823  160816.74
  Total                                 17548  270723.40
Report metrics stage 6, finish...

==========================================================================
finish report_design_area
--------------------------------------------------------------------------
Design area 277515 u^2 68% utilization.
[WARNING GUI-0076] QStandardPaths: wrong permissions on runtime directory /run/user/1000/, 0755 instead of 0700
Elapsed time: 0:50.64[h:]min:sec. CPU time: user 46.78 sys 0.51 (93%). Peak memory: 685244KB.
