1. Executing Verilog-2005 frontend: ./designs/src/shapipe/shapipe.v
2. Executing Liberty frontend: ./objects/sky130hd/shapipe/base/lib/sky130_fd_sc_hd__tt_025C_1v80.lib
3. Executing Liberty frontend: ./objects/sky130hd/shapipe/base/lib/sky130_fd_sc_hd__tt_025C_1v80.lib
4. Executing Verilog-2005 frontend: /home/abhinith/OpenROAD-flow-scripts/flow/platforms/sky130hd/cells_clkgate_hd.v
Using ABC speed script.
Extracting clock period from SDC file: ./results/sky130hd/shapipe/base/clock_period.txt
Setting clock period to 7.5
5. Executing HIERARCHY pass (managing design hierarchy).
6. Executing AST frontend in derive mode using pre-parsed AST for module `\shapipe'.
6.1. Analyzing design hierarchy..
6.2. Executing AST frontend in derive mode using pre-parsed AST for module `\hash_output'.
6.3. Executing AST frontend in derive mode using pre-parsed AST for module `\w_new_calc'.
6.4. Analyzing design hierarchy..
6.5. Executing AST frontend in derive mode using pre-parsed AST for module `\s1'.
6.6. Executing AST frontend in derive mode using pre-parsed AST for module `\s0'.
6.7. Executing AST frontend in derive mode using pre-parsed AST for module `\compression_algorithm_stage2'.
6.8. Executing AST frontend in derive mode using pre-parsed AST for module `\compression_algorithm_stage1'.
6.9. Analyzing design hierarchy..
6.10. Executing AST frontend in derive mode using pre-parsed AST for module `\S0'.
6.11. Executing AST frontend in derive mode using pre-parsed AST for module `\S1'.
6.12. Analyzing design hierarchy..
6.13. Analyzing design hierarchy..
7. Executing OPT_CLEAN pass (remove unused cells and wires).
Warning: Ignoring module shapipe because it contains processes (run 'proc' command first).
Warning: Ignoring module hash_output because it contains processes (run 'proc' command first).
8. Executing RTLIL backend.
Warnings: 2 unique messages, 2 total
End of script. Logfile hash: 8df716197b, CPU: user 0.36s system 0.01s, MEM: 46.28 MB peak
Yosys 0.48 (git sha1 aaa534749, clang++ 14.0.0-1ubuntu1.1 -fPIC -O3)
Time spent: 72% 4x read_liberty (0 sec), 18% 1x hierarchy (0 sec), ...
Elapsed time: 0:00.45[h:]min:sec. CPU time: user 0.43 sys 0.02 (99%). Peak memory: 48596KB.
