OpenROAD v2.0-17941-g7fb347f37 
Features included (+) or not (-): +GPU +GUI +Python
This program is licensed under the BSD-3 license. See the LICENSE file for details.
Components of this program may be licensed under more restrictive licenses which must be honored.
[INFO ORD-0030] Using 12 thread(s).
[INFO GPL-0002] DBU: 1000
[INFO GPL-0003] SiteSize: (  0.460  2.720 ) um
[INFO GPL-0004] CoreBBox: (  1.380  2.720 ) ( 733.700 731.680 ) um
[INFO GPL-0006] NumInstances:             22374
[INFO GPL-0007] NumPlaceInstances:        15219
[INFO GPL-0008] NumFixedInstances:         7155
[INFO GPL-0009] NumDummyInstances:            0
[INFO GPL-0010] NumNets:                  16495
[INFO GPL-0011] NumPins:                  65620
[INFO GPL-0012] DieBBox:  (  0.000  0.000 ) ( 734.795 734.795 ) um
[INFO GPL-0013] CoreBBox: (  1.380  2.720 ) ( 733.700 731.680 ) um
[INFO GPL-0016] CoreArea:            533831.987 um^2
[INFO GPL-0017] NonPlaceInstsArea:     8952.336 um^2
[INFO GPL-0018] PlaceInstsArea:      209158.099 um^2
[INFO GPL-0019] Util:                    39.849 %
[INFO GPL-0020] StdInstsArea:        209158.099 um^2
[INFO GPL-0021] MacroInstsArea:           0.000 um^2
[INFO GPL-0031] FillerInit:NumGCells:     38796
[INFO GPL-0032] FillerInit:NumGNets:      16495
[INFO GPL-0033] FillerInit:NumGPins:      65620
[INFO GPL-0023] TargetDensity:            1.000
[INFO GPL-0024] AvrgPlaceInstArea:       13.743 um^2
[INFO GPL-0025] IdealBinArea:            13.743 um^2
[INFO GPL-0026] IdealBinCnt:              38843
[INFO GPL-0027] TotalBinArea:        533831.987 um^2
[INFO GPL-0028] BinCnt:       128    128
[INFO GPL-0029] BinSize: (  5.722  5.695 )
[INFO GPL-0030] NumBins: 16384
Placement density is 0.5287901735305787, computed from PLACE_DENSITY_LB_ADDON 0.2 and lower bound 0.39848771691322327
global_placement -skip_io -density 0.5287901735305787 -pad_left 0 -pad_right 0
[INFO GPL-0002] DBU: 1000
[INFO GPL-0003] SiteSize: (  0.460  2.720 ) um
[INFO GPL-0004] CoreBBox: (  1.380  2.720 ) ( 733.700 731.680 ) um
[INFO GPL-0006] NumInstances:             22374
[INFO GPL-0007] NumPlaceInstances:        15219
[INFO GPL-0008] NumFixedInstances:         7155
[INFO GPL-0009] NumDummyInstances:            0
[INFO GPL-0010] NumNets:                  16495
[INFO GPL-0011] NumPins:                  64849
[INFO GPL-0012] DieBBox:  (  0.000  0.000 ) ( 734.795 734.795 ) um
[INFO GPL-0013] CoreBBox: (  1.380  2.720 ) ( 733.700 731.680 ) um
[INFO GPL-0016] CoreArea:            533831.987 um^2
[INFO GPL-0017] NonPlaceInstsArea:     8952.336 um^2
[INFO GPL-0018] PlaceInstsArea:      209158.099 um^2
[INFO GPL-0019] Util:                    39.849 %
[INFO GPL-0020] StdInstsArea:        209158.099 um^2
[INFO GPL-0021] MacroInstsArea:           0.000 um^2
[INFO GPL-0031] FillerInit:NumGCells:     20326
[INFO GPL-0032] FillerInit:NumGNets:      16495
[INFO GPL-0033] FillerInit:NumGPins:      64849
[INFO GPL-0023] TargetDensity:            0.529
[INFO GPL-0024] AvrgPlaceInstArea:       13.743 um^2
[INFO GPL-0025] IdealBinArea:            25.990 um^2
[INFO GPL-0026] IdealBinCnt:              20539
[INFO GPL-0027] TotalBinArea:        533831.987 um^2
[INFO GPL-0028] BinCnt:       128    128
[INFO GPL-0029] BinSize: (  5.722  5.695 )
[INFO GPL-0030] NumBins: 16384
[NesterovSolve] Iter:    1 overflow: 0.999 HPWL: 55113066
[NesterovSolve] Iter:   10 overflow: 0.999 HPWL: 24877837
[NesterovSolve] Iter:   20 overflow: 0.999 HPWL: 22688358
[NesterovSolve] Iter:   30 overflow: 0.999 HPWL: 22583014
[NesterovSolve] Iter:   40 overflow: 0.999 HPWL: 22294239
[NesterovSolve] Iter:   50 overflow: 0.999 HPWL: 22168520
[NesterovSolve] Iter:   60 overflow: 0.999 HPWL: 22027101
[NesterovSolve] Iter:   70 overflow: 0.999 HPWL: 21908691
[NesterovSolve] Iter:   80 overflow: 0.999 HPWL: 21790324
[NesterovSolve] Iter:   90 overflow: 0.998 HPWL: 21685244
[NesterovSolve] Iter:  100 overflow: 0.998 HPWL: 21665869
[NesterovSolve] Iter:  110 overflow: 0.998 HPWL: 21953035
[NesterovSolve] Iter:  120 overflow: 0.998 HPWL: 22682096
[NesterovSolve] Iter:  130 overflow: 0.998 HPWL: 24311038
[NesterovSolve] Iter:  140 overflow: 0.997 HPWL: 28030067
[NesterovSolve] Iter:  150 overflow: 0.995 HPWL: 36360470
[NesterovSolve] Iter:  160 overflow: 0.992 HPWL: 50559653
[NesterovSolve] Iter:  170 overflow: 0.987 HPWL: 68651130
[NesterovSolve] Iter:  180 overflow: 0.981 HPWL: 85770679
[NesterovSolve] Iter:  190 overflow: 0.971 HPWL: 107762210
[NesterovSolve] Iter:  200 overflow: 0.957 HPWL: 132590881
[NesterovSolve] Iter:  210 overflow: 0.937 HPWL: 153951593
[NesterovSolve] Iter:  220 overflow: 0.915 HPWL: 176935115
[NesterovSolve] Iter:  230 overflow: 0.891 HPWL: 205539178
[NesterovSolve] Iter:  240 overflow: 0.860 HPWL: 241291908
[NesterovSolve] Iter:  250 overflow: 0.826 HPWL: 278583772
[NesterovSolve] Iter:  260 overflow: 0.790 HPWL: 310613476
[NesterovSolve] Iter:  270 overflow: 0.749 HPWL: 338712298
[NesterovSolve] Iter:  280 overflow: 0.705 HPWL: 361848209
[NesterovSolve] Iter:  290 overflow: 0.665 HPWL: 380402141
[NesterovSolve] Iter:  300 overflow: 0.624 HPWL: 401874981
[NesterovSolve] Iter:  310 overflow: 0.584 HPWL: 420988118
[NesterovSolve] Iter:  320 overflow: 0.541 HPWL: 430078620
[NesterovSolve] Iter:  330 overflow: 0.499 HPWL: 434132461
[NesterovSolve] Iter:  340 overflow: 0.456 HPWL: 442797076
[NesterovSolve] Iter:  350 overflow: 0.415 HPWL: 447040994
[NesterovSolve] Iter:  360 overflow: 0.372 HPWL: 448526608
[NesterovSolve] Iter:  370 overflow: 0.331 HPWL: 451647512
[NesterovSolve] Iter:  380 overflow: 0.301 HPWL: 453226836
[NesterovSolve] Iter:  390 overflow: 0.274 HPWL: 455963420
[NesterovSolve] Iter:  400 overflow: 0.248 HPWL: 458573399
[NesterovSolve] Iter:  410 overflow: 0.223 HPWL: 460778112
[NesterovSolve] Iter:  420 overflow: 0.197 HPWL: 462773937
[NesterovSolve] Iter:  430 overflow: 0.168 HPWL: 464722192
[NesterovSolve] Iter:  440 overflow: 0.143 HPWL: 466540632
[NesterovSolve] Iter:  450 overflow: 0.119 HPWL: 468620987
[NesterovSolve] Iter:  460 overflow: 0.102 HPWL: 470884550
[NesterovSolve] Finished with Overflow: 0.099092
Elapsed time: 0:05.48[h:]min:sec. CPU time: user 57.59 sys 0.14 (1053%). Peak memory: 193584KB.
