OpenROAD v2.0-17941-g7fb347f37 
Features included (+) or not (-): +GPU +GUI +Python
This program is licensed under the BSD-3 license. See the LICENSE file for details.
Components of this program may be licensed under more restrictive licenses which must be honored.
[INFO ORD-0030] Using 12 thread(s).
Deleted 0 routing obstructions
[INFO RCX-0431] Defined process_corner X with ext_model_index 0
[INFO RCX-0029] Defined extraction corner X
[INFO RCX-0435] Reading extraction model file /home/abhinith/OpenROAD-flow-scripts/flow/platforms/sky130hd/rcx_patterns.rules ...
[INFO RCX-0436] RC segment generation shapipe (max_merge_res 50.0) ...
[INFO RCX-0040] Final 94571 rc segments
[INFO RCX-0439] Coupling Cap extraction shapipe ...
[INFO RCX-0440] Coupling threshhold is 0.1000 fF, coupling capacitance less than 0.1000 fF will be grounded.
[INFO RCX-0442] 54% of 205516 wires extracted
[INFO RCX-0442] 100% of 205516 wires extracted
[INFO RCX-0045] Extract 18481 nets, 113030 rsegs, 113030 caps, 237153 ccs
[INFO RCX-0443] 18481 nets finished
[INFO PSM-0040] All shapes on net VDD are connected.
[INFO PSM-0073] Using bump pattern with x-pitch 140.0000um, y-pitch 140.0000um, and size 70.0000um with an reduction factor of 3x.
########## IR report #################
Net              : VDD
Corner           : default
Supply voltage   : 1.80e+00 V
Worstcase voltage: 1.74e+00 V
Average voltage  : 1.79e+00 V
Average IR drop  : 7.44e-03 V
Worstcase IR drop: 6.26e-02 V
Percentage drop  : 3.48 %
######################################
[INFO PSM-0040] All shapes on net VSS are connected.
[INFO PSM-0073] Using bump pattern with x-pitch 140.0000um, y-pitch 140.0000um, and size 70.0000um with an reduction factor of 3x.
########## IR report #################
Net              : VSS
Corner           : default
Supply voltage   : 0.00e+00 V
Worstcase voltage: 6.77e-02 V
Average voltage  : 9.10e-03 V
Average IR drop  : 9.10e-03 V
Worstcase IR drop: 6.77e-02 V
Percentage drop  : 3.76 %
######################################
Cell type report:                       Count       Area
  Antenna cell                            177     442.92
  Clock buffer                            440    9479.09
  Timing Repair Buffer                   1607   18341.34
  Inverter                                658    2676.32
  Clock inverter                          196    2235.89
  Sequential cell                        2787   79266.02
  Multi-Input combinational cell        11808  160665.34
  Total                                 17673  273106.93
Report metrics stage 6, finish...

==========================================================================
finish report_design_area
--------------------------------------------------------------------------
Design area 282059 u^2 53% utilization.
[WARNING GUI-0076] QStandardPaths: wrong permissions on runtime directory /run/user/1000/, 0755 instead of 0700
Elapsed time: 0:54.93[h:]min:sec. CPU time: user 49.55 sys 2.02 (93%). Peak memory: 714936KB.
